#
# There is insufficient memory for the Java Runtime Environment to continue.
# Native memory allocation (mmap) failed to map 134217728 bytes for G1 virtual space
# Possible reasons:
#   The system is out of physical RAM or swap space
#   The process is running with CompressedOops enabled, and the Java Heap may be blocking the growth of the native heap
# Possible solutions:
#   Reduce memory load on the system
#   Increase physical memory or swap space
#   Check if swap backing store is full
#   Decrease Java heap size (-Xmx/-Xms)
#   Decrease number of Java threads
#   Decrease Java thread stack sizes (-Xss)
#   Set larger code cache with -XX:ReservedCodeCacheSize=
#   JVM is running with Unscaled Compressed Oops mode in which the Java heap is
#     placed in the first 4GB address space. The Java Heap base address is the
#     maximum limit for the native heap growth. Please use -XX:HeapBaseMinAddress
#     to set the Java Heap base and to place the Java Heap above 4GB virtual address.
# This output file may be truncated or incomplete.
#
#  Out of Memory Error (os_windows.cpp:3771), pid=13156, tid=9340
#
# JRE version:  (17.0.7) (build )
# Java VM: OpenJDK 64-Bit Server VM (17.0.7+0-b2043.56-10550314, mixed mode, sharing, tiered, compressed oops, compressed class ptrs, g1 gc, windows-amd64)
# No core dump will be written. Minidumps are not enabled by default on client versions of Windows
#

---------------  S U M M A R Y ------------

Command Line: org.jetbrains.kotlin.cli.jvm.K2JVMCompiler @E:\Tech Expert\Projects\iqra\build\app\20250622_1849724025751587856.compiler.options

Host: Intel(R) Core(TM) i7-4510U CPU @ 2.00GHz, 4 cores, 7G,  Windows 10 , 64 bit Build 19041 (10.0.19041.5915)
Time: Sun Jun 22 21:36:12 2025 Egypt Daylight Time elapsed time: 0.035429 seconds (0d 0h 0m 0s)

---------------  T H R E A D  ---------------

Current thread (0x0000026e8eb847e0):  JavaThread "Unknown thread" [_thread_in_vm, id=9340, stack(0x000000db16200000,0x000000db16300000)]

Stack: [0x000000db16200000,0x000000db16300000]
Native frames: (J=compiled Java code, j=interpreted, Vv=VM code, C=native code)
V  [jvm.dll+0x683bfa]
V  [jvm.dll+0x8430a4]
V  [jvm.dll+0x8449be]
V  [jvm.dll+0x845023]
V  [jvm.dll+0x24ad2f]
V  [jvm.dll+0x680ac9]
V  [jvm.dll+0x67519a]
V  [jvm.dll+0x30b3cb]
V  [jvm.dll+0x312876]
V  [jvm.dll+0x36221e]
V  [jvm.dll+0x36244f]
V  [jvm.dll+0x2e14a8]
V  [jvm.dll+0x2e2414]
V  [jvm.dll+0x814391]
V  [jvm.dll+0x36ffe1]
V  [jvm.dll+0x7f396c]
V  [jvm.dll+0x3f305f]
V  [jvm.dll+0x3f4b91]
C  [jli.dll+0x528f]
C  [ucrtbase.dll+0x21bb2]
C  [KERNEL32.DLL+0x17374]
C  [ntdll.dll+0x4cc91]


---------------  P R O C E S S  ---------------

Threads class SMR info:
_java_thread_list=0x00007fff7b6fd098, length=0, elements={
}

Java Threads: ( => current thread )

Other Threads:
  0x0000026e8ebdf340 GCTaskThread "GC Thread#0" [stack: 0x000000db16400000,0x000000db16500000] [id=11456]
  0x0000026e8ebeff80 ConcurrentGCThread "G1 Main Marker" [stack: 0x000000db16500000,0x000000db16600000] [id=8884]
  0x0000026e8ebf0990 ConcurrentGCThread "G1 Conc#0" [stack: 0x000000db16600000,0x000000db16700000] [id=8996]

[error occurred during error reporting (printing all threads), id 0xc0000005, EXCEPTION_ACCESS_VIOLATION (0xc0000005) at pc=0x00007fff7aeb2087]

VM state: not at safepoint (not fully initialized)

VM Mutex/Monitor currently owned by a thread:  ([mutex/lock_event])
[0x0000026e8eb80d80] Heap_lock - owner thread: 0x0000026e8eb847e0

Heap address: 0x0000000081800000, size: 2024 MB, Compressed Oops mode: 32-bit

CDS archive(s) mapped at: [0x0000000000000000-0x0000000000000000-0x0000000000000000), size 0, SharedBaseAddress: 0x0000000800000000, ArchiveRelocationMode: 0.
Narrow klass base: 0x0000000000000000, Narrow klass shift: 0, Narrow klass range: 0x0

GC Precious Log:
<Empty>

Heap:
 garbage-first heap   total 0K, used 0K [0x0000000081800000, 0x0000000100000000)
  region size 1024K, 0 young (0K), 0 survivors (0K)
 Metaspace       used 0K, committed 0K, reserved 0K
  class space    used 0K, committed 0K, reserved 0K

Heap Regions: E=young(eden), S=young(survivor), O=old, HS=humongous(starts), HC=humongous(continues), CS=collection set, F=free, OA=open archive, CA=closed archive, TAMS=top-at-mark-start (previous, next)

Card table byte_map: [0x0000026ea1460000,0x0000026ea1860000] _byte_map_base: 0x0000026ea1054000

Marking Bits (Prev, Next): (CMBitMap*) 0x0000026e8ebdf950, (CMBitMap*) 0x0000026e8ebdf990
 Prev Bits: [0x0000026ea1c60000, 0x0000026ea3c00000)
 Next Bits: [0x0000026ea3c00000, 0x0000026ea5ba0000)

GC Heap History (0 events):
No events

Dll operation events (1 events):
Event: 0.024 Loaded shared library C:\Program Files\Android\Android Studio\jbr\bin\java.dll

Deoptimization events (0 events):
No events

Classes unloaded (0 events):
No events

Classes redefined (0 events):
No events

Internal exceptions (0 events):
No events

VM Operations (0 events):
No events

Events (0 events):
No events


Dynamic libraries:
0x00007ff752240000 - 0x00007ff75224a000 	C:\Program Files\Android\Android Studio\jbr\bin\java.exe
0x00007fffbbeb0000 - 0x00007fffbc0a8000 	C:\WINDOWS\SYSTEM32\ntdll.dll
0x00007fffb9f30000 - 0x00007fffb9ff2000 	C:\WINDOWS\System32\KERNEL32.DLL
0x00007fffb9940000 - 0x00007fffb9c36000 	C:\WINDOWS\System32\KERNELBASE.dll
0x00007fffb9540000 - 0x00007fffb9640000 	C:\WINDOWS\System32\ucrtbase.dll
0x00007fffb1330000 - 0x00007fffb1347000 	C:\Program Files\Android\Android Studio\jbr\bin\jli.dll
0x00007fffba690000 - 0x00007fffba82d000 	C:\WINDOWS\System32\USER32.dll
0x00007fffb9850000 - 0x00007fffb9872000 	C:\WINDOWS\System32\win32u.dll
0x00007fffbb9b0000 - 0x00007fffbb9db000 	C:\WINDOWS\System32\GDI32.dll
0x00007fffb9d10000 - 0x00007fffb9e29000 	C:\WINDOWS\System32\gdi32full.dll
0x00007fffb9e30000 - 0x00007fffb9ecd000 	C:\WINDOWS\System32\msvcp_win.dll
0x00007fffb3540000 - 0x00007fffb355b000 	C:\Program Files\Android\Android Studio\jbr\bin\VCRUNTIME140.dll
0x00007fffaa1d0000 - 0x00007fffaa46a000 	C:\WINDOWS\WinSxS\amd64_microsoft.windows.common-controls_6595b64144ccf1df_6.0.19041.5915_none_60b4b9d171f9c7c7\COMCTL32.dll
0x00007fffba890000 - 0x00007fffba92e000 	C:\WINDOWS\System32\msvcrt.dll
0x00007fffbb190000 - 0x00007fffbb1bf000 	C:\WINDOWS\System32\IMM32.DLL
0x00007fffb3940000 - 0x00007fffb394c000 	C:\Program Files\Android\Android Studio\jbr\bin\vcruntime140_1.dll
0x00007fffae720000 - 0x00007fffae7ad000 	C:\Program Files\Android\Android Studio\jbr\bin\msvcp140.dll
0x00007fff7abc0000 - 0x00007fff7b840000 	C:\Program Files\Android\Android Studio\jbr\bin\server\jvm.dll
0x00007fffba5b0000 - 0x00007fffba661000 	C:\WINDOWS\System32\ADVAPI32.dll
0x00007fffbada0000 - 0x00007fffbae3f000 	C:\WINDOWS\System32\sechost.dll
0x00007fffbaff0000 - 0x00007fffbb113000 	C:\WINDOWS\System32\RPCRT4.dll
0x00007fffb9910000 - 0x00007fffb9937000 	C:\WINDOWS\System32\bcrypt.dll
0x00007fff8a250000 - 0x00007fff8a259000 	C:\WINDOWS\SYSTEM32\WSOCK32.dll
0x00007fffbb9f0000 - 0x00007fffbba5b000 	C:\WINDOWS\System32\WS2_32.dll
0x00007fffaa470000 - 0x00007fffaa497000 	C:\WINDOWS\SYSTEM32\WINMM.dll
0x00007fffb1d40000 - 0x00007fffb1d4a000 	C:\WINDOWS\SYSTEM32\VERSION.dll
0x00007fffb73c0000 - 0x00007fffb73d2000 	C:\WINDOWS\SYSTEM32\kernel.appcore.dll
0x00007fffb54f0000 - 0x00007fffb54fa000 	C:\Program Files\Android\Android Studio\jbr\bin\jimage.dll
0x00007fffa5450000 - 0x00007fffa5651000 	C:\WINDOWS\SYSTEM32\DBGHELP.DLL
0x00007fffa59f0000 - 0x00007fffa5a24000 	C:\WINDOWS\SYSTEM32\dbgcore.DLL
0x00007fffb9880000 - 0x00007fffb9902000 	C:\WINDOWS\System32\bcryptPrimitives.dll
0x00007fffb0fe0000 - 0x00007fffb1005000 	C:\Program Files\Android\Android Studio\jbr\bin\java.dll

dbghelp: loaded successfully - version: 4.0.5 - missing functions: none
symbol engine: initialized successfully - sym options: 0x614 - pdb path: .;C:\Program Files\Android\Android Studio\jbr\bin;C:\WINDOWS\SYSTEM32;C:\WINDOWS\WinSxS\amd64_microsoft.windows.common-controls_6595b64144ccf1df_6.0.19041.5915_none_60b4b9d171f9c7c7;C:\Program Files\Android\Android Studio\jbr\bin\server

VM Arguments:
java_command: org.jetbrains.kotlin.cli.jvm.K2JVMCompiler @E:\Tech Expert\Projects\iqra\build\app\20250622_1849724025751587856.compiler.options
java_class_path (initial): C:\Users\PUBG STORE\.gradle\caches\modules-2\files-2.1\org.jetbrains.kotlin\kotlin-compiler-embeddable\1.7.10\909803167c98606fcf22b4c848647c68e351d48d\kotlin-compiler-embeddable-1.7.10.jar;C:\Users\PUBG STORE\.gradle\caches\modules-2\files-2.1\org.jetbrains.kotlin\kotlin-reflect\1.7.10\165e600dfea6185cf5efa700756294cc4904dbeb\kotlin-reflect-1.7.10.jar;C:\Users\PUBG STORE\.gradle\caches\modules-2\files-2.1\org.jetbrains.kotlin\kotlin-stdlib\1.7.10\d2abf9e77736acc4450dc4a3f707fa2c10f5099d\kotlin-stdlib-1.7.10.jar;C:\Users\PUBG STORE\.gradle\caches\modules-2\files-2.1\org.jetbrains.kotlin\kotlin-script-runtime\1.7.10\c99c87a6988d8fd8d5142e9ed5c9f34a7cf561ee\kotlin-script-runtime-1.7.10.jar;C:\Users\PUBG STORE\.gradle\caches\modules-2\files-2.1\org.jetbrains.kotlin\kotlin-daemon-embeddable\1.7.10\3a9f7aef7080d3ae63126cbba4f827ed664f32fa\kotlin-daemon-embeddable-1.7.10.jar;C:\Users\PUBG STORE\.gradle\caches\modules-2\files-2.1\org.jetbrains.intellij.deps\trove4j\1.0.20200330\3afb14d5f9ceb459d724e907a21145e8ff394f02\trove4j-1.0.20200330.jar;C:\Users\PUBG STORE\.gradle\caches\modules-2\files-2.1\net.java.dev.jna\jna\5.6.0\330f2244e9030119ab3030fc3fededc86713d9cc\jna-5.6.0.jar;C:\Users\PUBG STORE\.gradle\caches\modules-2\files-2.1\org.jetbrains.kotlin\kotlin-stdlib-common\1.7.10\bac80c520d0a9e3f3673bc2658c6ed02ef45a76a\kotlin-stdlib-common-1.7.10.jar;C:\Users\PUBG STORE\.gradle\caches\modules-2\files-2.1\org.jetbrains\annotations\13.0\919f0dfe192fb4e063e7dacadee7f8bb9a2672a9\annotations-13.0.jar
Launcher Type: SUN_STANDARD

[Global flags]
     intx CICompilerCount                          = 3                                         {product} {ergonomic}
     uint ConcGCThreads                            = 1                                         {product} {ergonomic}
     uint G1ConcRefinementThreads                  = 4                                         {product} {ergonomic}
   size_t G1HeapRegionSize                         = 1048576                                   {product} {ergonomic}
    uintx GCDrainStackTargetSize                   = 64                                        {product} {ergonomic}
   size_t InitialHeapSize                          = 134217728                                 {product} {ergonomic}
   size_t MarkStackSize                            = 4194304                                   {product} {ergonomic}
   size_t MaxHeapSize                              = 2122317824                                {product} {ergonomic}
   size_t MinHeapDeltaBytes                        = 1048576                                   {product} {ergonomic}
   size_t MinHeapSize                              = 8388608                                   {product} {ergonomic}
    uintx NonNMethodCodeHeapSize                   = 5832780                                {pd product} {ergonomic}
    uintx NonProfiledCodeHeapSize                  = 122912730                              {pd product} {ergonomic}
    uintx ProfiledCodeHeapSize                     = 122912730                              {pd product} {ergonomic}
    uintx ReservedCodeCacheSize                    = 251658240                              {pd product} {ergonomic}
     bool SegmentedCodeCache                       = true                                      {product} {ergonomic}
   size_t SoftMaxHeapSize                          = 2122317824                             {manageable} {ergonomic}
     bool UseCompressedClassPointers               = true                           {product lp64_product} {ergonomic}
     bool UseCompressedOops                        = true                           {product lp64_product} {ergonomic}
     bool UseG1GC                                  = true                                      {product} {ergonomic}
     bool UseLargePagesIndividualAllocation        = false                                  {pd product} {ergonomic}

Logging:
Log output configuration:
 #0: stdout all=warning uptime,level,tags
 #1: stderr all=off uptime,level,tags

Environment Variables:
JAVA_HOME=C:\Program Files\Android\Android Studio\jbr
CLASSPATH=E:\Tech Expert\Projects\iqra\android\\gradle\wrapper\gradle-wrapper.jar
PATH=C:\Program Files\Android\Android Studio\jbr\bin;C:\Program Files (x86)\Common Files\Oracle\Java\javapath;C:\Program Files\Common Files\Oracle\Java\javapath;C:\ProgramData\Oracle\Java\javapath;C:\Windows\system32;C:\Windows;C:\Windows\System32\Wbem;C:\Windows\System32\WindowsPowerShell\v1.0\;C:\Windows\System32\OpenSSH\;C:\Program Files (x86)\NVIDIA Corporation\PhysX\Common;C:\Program Files\NVIDIA Corporation\NVIDIA NvDLISR;C:\WINDOWS\system32;C:\WINDOWS;C:\WINDOWS\System32\Wbem;C:\WINDOWS\System32\WindowsPowerShell\v1.0\;C:\WINDOWS\System32\OpenSSH\;C:\Program Files\nodejs\;C:\Program Files\Git\cmd;C:\Program Files (x86)\Windows Kits\10\Windows Performance Toolkit\;C:\Program Files\Go\bin;C:\Users\PUBG STORE\AppData\Local\Programs\Python\Python311\Scripts\;C:\Users\PUBG STORE\AppData\Local\Programs\Python\Python311\;C:\Users\PUBG STORE\AppData\Local\Microsoft\WindowsApps;C:\Users\PUBG STORE\AppData\Local\Programs\Microsoft VS Code\bin;C:\Users\PUBG STORE\AppData\Roaming\npm;C:\Users\PUBG STORE\AppData\Local\Pub\Cache\bin;E:\Tools\Android;C:\Users\PUBG STORE\AppData\Local\GitHubDesktop\bin;E:\Tools\Flutter\flutter\bin;C:\Users\PUBG STORE\go\bin;E:\Tools\Flutter\flutter\bin\mingit\cmd
USERNAME=PUBG STORE
OS=Windows_NT
PROCESSOR_IDENTIFIER=Intel64 Family 6 Model 69 Stepping 1, GenuineIntel
TMP=C:\Users\PUBGST~1\AppData\Local\Temp
TEMP=C:\Users\PUBGST~1\AppData\Local\Temp


JNI global refs:
JNI global refs: 0, weak refs: 0

JNI global refs memory usage: 0, weak refs: 0

OOME stack traces (most recent first):
Classloader memory used:


---------------  S Y S T E M  ---------------

OS:
 Windows 10 , 64 bit Build 19041 (10.0.19041.5915)
OS uptime: 0 days 11:17 hours

CPU: total 4 (initial active 4) (2 cores per cpu, 2 threads per core) family 6 model 69 stepping 1 microcode 0x25, cx8, cmov, fxsr, ht, mmx, sse, sse2, sse3, ssse3, sse4.1, sse4.2, popcnt, lzcnt, tsc, tscinvbit, avx, avx2, aes, erms, clmul, bmi1, bmi2, fma, vzeroupper, clflush

Memory: 4k page, system-wide physical 8095M (1078M free)
TotalPageFile size 10143M (AvailPageFile size 115M)
current process WorkingSet (physical memory assigned to process): 10M, peak: 10M
current process commit charge ("private bytes"): 51M, peak: 179M

vm_info: OpenJDK 64-Bit Server VM (17.0.7+0-b2043.56-10550314) for windows-amd64 JRE (17.0.7+0-b2043.56-10550314), built on Jul 24 2023 18:27:45 by "androidbuild" with MS VC++ 16.10 / 16.11 (VS2019)

END.
