#
# There is insufficient memory for the Java Runtime Environment to continue.
# Native memory allocation (malloc) failed to allocate 1133296 bytes for Chunk::new
# Possible reasons:
#   The system is out of physical RAM or swap space
#   The process is running with CompressedOops enabled, and the Java Heap may be blocking the growth of the native heap
# Possible solutions:
#   Reduce memory load on the system
#   Increase physical memory or swap space
#   Check if swap backing store is full
#   Decrease Java heap size (-Xmx/-Xms)
#   Decrease number of Java threads
#   Decrease Java thread stack sizes (-Xss)
#   Set larger code cache with -XX:ReservedCodeCacheSize=
#   JVM is running with Zero Based Compressed Oops mode in which the Java heap is
#     placed in the first 32GB address space. The Java Heap base address is the
#     maximum limit for the native heap growth. Please use -XX:HeapBaseMinAddress
#     to set the Java Heap base and to place the Java Heap above 32GB virtual address.
# This output file may be truncated or incomplete.
#
#  Out of Memory Error (arena.cpp:189), pid=2812, tid=1020
#
# JRE version: OpenJDK Runtime Environment (17.0.7) (build 17.0.7+0-b2043.56-10550314)
# Java VM: OpenJDK 64-Bit Server VM (17.0.7+0-b2043.56-10550314, mixed mode, tiered, compressed oops, compressed class ptrs, g1 gc, windows-amd64)
# No core dump will be written. Minidumps are not enabled by default on client versions of Windows
#

---------------  S U M M A R Y ------------

Command Line: --add-opens=java.base/java.util=ALL-UNNAMED --add-opens=java.base/java.lang=ALL-UNNAMED --add-opens=java.base/java.lang.invoke=ALL-UNNAMED --add-opens=java.prefs/java.util.prefs=ALL-UNNAMED --add-opens=java.base/java.nio.charset=ALL-UNNAMED --add-opens=java.base/java.net=ALL-UNNAMED --add-opens=java.base/java.util.concurrent.atomic=ALL-UNNAMED -Xmx4G -Dfile.encoding=windows-1252 -Duser.country=US -Duser.language=en -Duser.variant -javaagent:C:\Users\PUBG STORE\.gradle\wrapper\dists\gradle-8.2-all\6mxqtxovn2faat1idb7p6lxsa\gradle-8.2\lib\agents\gradle-instrumentation-agent-8.2.jar org.gradle.launcher.daemon.bootstrap.GradleDaemon 8.2

Host: Intel(R) Core(TM) i7-4510U CPU @ 2.00GHz, 4 cores, 7G,  Windows 10 , 64 bit Build 19041 (10.0.19041.5438)
Time: Sat Mar 29 22:36:21 2025 Egypt Standard Time elapsed time: 8.887667 seconds (0d 0h 0m 8s)

---------------  T H R E A D  ---------------

Current thread (0x00000253c384e830):  JavaThread "C2 CompilerThread1" daemon [_thread_in_native, id=1020, stack(0x000000e729000000,0x000000e729100000)]


Current CompileTask:
C2:   8888 4898       4       jdk.internal.loader.BuiltinClassLoader::loadClass (22 bytes)

Stack: [0x000000e729000000,0x000000e729100000]
Native frames: (J=compiled Java code, j=interpreted, Vv=VM code, C=native code)
V  [jvm.dll+0x683bfa]
V  [jvm.dll+0x8430a4]
V  [jvm.dll+0x8449be]
V  [jvm.dll+0x845023]
V  [jvm.dll+0x24ad2f]
V  [jvm.dll+0xac25c]
V  [jvm.dll+0xac82c]
V  [jvm.dll+0x36a132]
V  [jvm.dll+0x1bdf52]
V  [jvm.dll+0x21d3a9]
V  [jvm.dll+0x21c671]
V  [jvm.dll+0x1a605d]
V  [jvm.dll+0x22c148]
V  [jvm.dll+0x22a209]
V  [jvm.dll+0x7f858c]
V  [jvm.dll+0x7f2aea]
V  [jvm.dll+0x682a35]
C  [ucrtbase.dll+0x21bb2]
C  [KERNEL32.DLL+0x17374]
C  [ntdll.dll+0x4cc91]


---------------  P R O C E S S  ---------------

Threads class SMR info:
_java_thread_list=0x00000253cba4d690, length=42, elements={
0x00000253a4e94020, 0x00000253c31e3a20, 0x00000253c31e8a30, 0x00000253c308f0b0,
0x00000253c308f970, 0x00000253c3090230, 0x00000253c3090af0, 0x00000253c30917c0,
0x00000253c3234930, 0x00000253c3236e50, 0x00000253c32e3010, 0x00000253c3593fe0,
0x00000253c384e830, 0x00000253c93539e0, 0x00000253c94dc810, 0x00000253c8b5c490,
0x00000253c95c58f0, 0x00000253c9c7c020, 0x00000253c8ba0ef0, 0x00000253c8b9e870,
0x00000253c8b9da00, 0x00000253c8b9fbb0, 0x00000253c8ba0a20, 0x00000253c8ba0080,
0x00000253c8b9ded0, 0x00000253c8b9f6e0, 0x00000253c8b9e3a0, 0x00000253c8ba0550,
0x00000253c8b9ed40, 0x00000253c8b9d530, 0x00000253c8b9f210, 0x00000253c8e15ab0,
0x00000253c8e155e0, 0x00000253c8e172c0, 0x00000253c8e14770, 0x00000253c8e13dd0,
0x00000253c8e11c20, 0x00000253c8e16450, 0x00000253c8e15110, 0x00000253c8e15f80,
0x00000253c8e142a0, 0x00000253c8e17c60
}

Java Threads: ( => current thread )
  0x00000253a4e94020 JavaThread "main" [_thread_blocked, id=7748, stack(0x000000e727d00000,0x000000e727e00000)]
  0x00000253c31e3a20 JavaThread "Reference Handler" daemon [_thread_blocked, id=3436, stack(0x000000e728400000,0x000000e728500000)]
  0x00000253c31e8a30 JavaThread "Finalizer" daemon [_thread_blocked, id=1036, stack(0x000000e728500000,0x000000e728600000)]
  0x00000253c308f0b0 JavaThread "Signal Dispatcher" daemon [_thread_blocked, id=11260, stack(0x000000e728600000,0x000000e728700000)]
  0x00000253c308f970 JavaThread "Attach Listener" daemon [_thread_blocked, id=3304, stack(0x000000e728700000,0x000000e728800000)]
  0x00000253c3090230 JavaThread "Service Thread" daemon [_thread_blocked, id=4520, stack(0x000000e728800000,0x000000e728900000)]
  0x00000253c3090af0 JavaThread "Monitor Deflation Thread" daemon [_thread_blocked, id=9964, stack(0x000000e728900000,0x000000e728a00000)]
  0x00000253c30917c0 JavaThread "C2 CompilerThread0" daemon [_thread_in_native, id=3216, stack(0x000000e728a00000,0x000000e728b00000)]
  0x00000253c3234930 JavaThread "C1 CompilerThread0" daemon [_thread_blocked, id=9200, stack(0x000000e728b00000,0x000000e728c00000)]
  0x00000253c3236e50 JavaThread "Sweeper thread" daemon [_thread_blocked, id=8324, stack(0x000000e728c00000,0x000000e728d00000)]
  0x00000253c32e3010 JavaThread "Common-Cleaner" daemon [_thread_blocked, id=9024, stack(0x000000e728d00000,0x000000e728e00000)]
  0x00000253c3593fe0 JavaThread "Notification Thread" daemon [_thread_blocked, id=6456, stack(0x000000e728e00000,0x000000e728f00000)]
=>0x00000253c384e830 JavaThread "C2 CompilerThread1" daemon [_thread_in_native, id=1020, stack(0x000000e729000000,0x000000e729100000)]
  0x00000253c93539e0 JavaThread "Daemon health stats" [_thread_blocked, id=704, stack(0x000000e729400000,0x000000e729500000)]
  0x00000253c94dc810 JavaThread "Incoming local TCP Connector on port 53071" [_thread_in_native, id=1516, stack(0x000000e729500000,0x000000e729600000)]
  0x00000253c8b5c490 JavaThread "Daemon periodic checks" [_thread_blocked, id=1128, stack(0x000000e729600000,0x000000e729700000)]
  0x00000253c95c58f0 JavaThread "Daemon" [_thread_blocked, id=5828, stack(0x000000e729800000,0x000000e729900000)]
  0x00000253c9c7c020 JavaThread "Handler for socket connection from /127.0.0.1:53071 to /127.0.0.1:53072" [_thread_in_native, id=5040, stack(0x000000e729900000,0x000000e729a00000)]
  0x00000253c8ba0ef0 JavaThread "Cancel handler" [_thread_blocked, id=6492, stack(0x000000e729a00000,0x000000e729b00000)]
  0x00000253c8b9e870 JavaThread "Daemon worker" [_thread_in_Java, id=6080, stack(0x000000e729b00000,0x000000e729c00000)]
  0x00000253c8b9da00 JavaThread "Asynchronous log dispatcher for DefaultDaemonConnection: socket connection from /127.0.0.1:53071 to /127.0.0.1:53072" [_thread_blocked, id=6184, stack(0x000000e729c00000,0x000000e729d00000)]
  0x00000253c8b9fbb0 JavaThread "Stdin handler" [_thread_blocked, id=9528, stack(0x000000e729d00000,0x000000e729e00000)]
  0x00000253c8ba0a20 JavaThread "Daemon client event forwarder" [_thread_in_Java, id=10860, stack(0x000000e729e00000,0x000000e729f00000)]
  0x00000253c8ba0080 JavaThread "Cache worker for journal cache (C:\Users\PUBG STORE\.gradle\caches\journal-1)" [_thread_blocked, id=10592, stack(0x000000e729f00000,0x000000e72a000000)]
  0x00000253c8b9ded0 JavaThread "File lock request listener" [_thread_in_native, id=10596, stack(0x000000e72a000000,0x000000e72a100000)]
  0x00000253c8b9f6e0 JavaThread "Cache worker for file hash cache (C:\Users\PUBG STORE\.gradle\caches\8.2\fileHashes)" [_thread_blocked, id=3744, stack(0x000000e72a100000,0x000000e72a200000)]
  0x00000253c8b9e3a0 JavaThread "File watcher server" daemon [_thread_in_native, id=3892, stack(0x000000e72a200000,0x000000e72a300000)]
  0x00000253c8ba0550 JavaThread "File watcher consumer" daemon [_thread_blocked, id=7684, stack(0x000000e72a300000,0x000000e72a400000)]
  0x00000253c8b9ed40 JavaThread "Cache worker for checksums cache (C:\Users\PUBG STORE\AndroidStudioProjects\iqra\android\.gradle\8.2\checksums)" [_thread_blocked, id=5248, stack(0x000000e72a400000,0x000000e72a500000)]
  0x00000253c8b9d530 JavaThread "Cache worker for cache directory md-rule (C:\Users\PUBG STORE\.gradle\caches\8.2\md-rule)" [_thread_blocked, id=428, stack(0x000000e72a500000,0x000000e72a600000)]
  0x00000253c8b9f210 JavaThread "Cache worker for file content cache (C:\Users\PUBG STORE\.gradle\caches\8.2\fileContent)" [_thread_blocked, id=1872, stack(0x000000e72a600000,0x000000e72a700000)]
  0x00000253c8e15ab0 JavaThread "Cache worker for file hash cache (C:\Users\PUBG STORE\AndroidStudioProjects\iqra\android\.gradle\8.2\fileHashes)" [_thread_blocked, id=6276, stack(0x000000e72a700000,0x000000e72a800000)]
  0x00000253c8e155e0 JavaThread "Cache worker for cache directory md-supplier (C:\Users\PUBG STORE\.gradle\caches\8.2\md-supplier)" [_thread_blocked, id=2932, stack(0x000000e72a800000,0x000000e72a900000)]
  0x00000253c8e172c0 JavaThread "Cache worker for execution history cache (C:\Users\PUBG STORE\.gradle\caches\8.2\executionHistory)" [_thread_blocked, id=10768, stack(0x000000e72a900000,0x000000e72aa00000)]
  0x00000253c8e14770 JavaThread "jar transforms" [_thread_blocked, id=4300, stack(0x000000e72ab00000,0x000000e72ac00000)]
  0x00000253c8e13dd0 JavaThread "Cache worker for kotlin-dsl (C:\Users\PUBG STORE\.gradle\caches\8.2\kotlin-dsl)" [_thread_blocked, id=6084, stack(0x000000e72ac00000,0x000000e72ad00000)]
  0x00000253c8e11c20 JavaThread "jar transforms Thread 2" [_thread_blocked, id=5320, stack(0x000000e72ad00000,0x000000e72ae00000)]
  0x00000253c8e16450 JavaThread "jar transforms Thread 3" [_thread_blocked, id=4088, stack(0x000000e72ae00000,0x000000e72af00000)]
  0x00000253c8e15110 JavaThread "Cache worker for dependencies-accessors (C:\Users\PUBG STORE\AndroidStudioProjects\iqra\android\.gradle\8.2\dependencies-accessors)" [_thread_blocked, id=2280, stack(0x000000e72af00000,0x000000e72b000000)]
  0x00000253c8e15f80 JavaThread "Cache worker for Build Output Cleanup Cache (E:\Tools\Flutter\flutter\packages\flutter_tools\gradle\.gradle\buildOutputCleanup)" [_thread_blocked, id=1428, stack(0x000000e72b000000,0x000000e72b100000)]
  0x00000253c8e142a0 JavaThread "jar transforms Thread 4" [_thread_blocked, id=3804, stack(0x000000e72b100000,0x000000e72b200000)]
  0x00000253c8e17c60 JavaThread "Memory manager" [_thread_blocked, id=5728, stack(0x000000e72b200000,0x000000e72b300000)]

Other Threads:
  0x00000253c307c8a0 VMThread "VM Thread" [stack: 0x000000e728300000,0x000000e728400000] [id=8316]
  0x00000253c3579980 WatcherThread [stack: 0x000000e728f00000,0x000000e729000000] [id=8952]
  0x00000253a4f04ad0 GCTaskThread "GC Thread#0" [stack: 0x000000e727e00000,0x000000e727f00000] [id=9580]
  0x00000253c3796530 GCTaskThread "GC Thread#1" [stack: 0x000000e729100000,0x000000e729200000] [id=6432]
  0x00000253c38db410 GCTaskThread "GC Thread#2" [stack: 0x000000e729200000,0x000000e729300000] [id=10496]
  0x00000253c38db970 GCTaskThread "GC Thread#3" [stack: 0x000000e729300000,0x000000e729400000] [id=10948]
  0x00000253a4f15920 ConcurrentGCThread "G1 Main Marker" [stack: 0x000000e727f00000,0x000000e728000000] [id=9232]
  0x00000253a4f17250 ConcurrentGCThread "G1 Conc#0" [stack: 0x000000e728000000,0x000000e728100000] [id=1976]
  0x00000253a4f55a40 ConcurrentGCThread "G1 Refine#0" [stack: 0x000000e728100000,0x000000e728200000] [id=7860]
  0x00000253c9a02230 ConcurrentGCThread "G1 Refine#1" [stack: 0x000000e72aa00000,0x000000e72ab00000] [id=8672]
  0x00000253a4f56370 ConcurrentGCThread "G1 Service" [stack: 0x000000e728200000,0x000000e728300000] [id=2732]

Threads with active compile tasks:
C2 CompilerThread0     8929 4927       4       java.util.jar.JarFile::getEntry (35 bytes)
C1 CompilerThread0     8929 4954       3       kotlin.reflect.jvm.internal.impl.protobuf.GeneratedMessageLite$ExtendableMessage::<init> (12 bytes)
C2 CompilerThread1     8929 4898       4       jdk.internal.loader.BuiltinClassLoader::loadClass (22 bytes)

VM state: not at safepoint (normal execution)

VM Mutex/Monitor currently owned by a thread:  ([mutex/lock_event])
[0x00000253a4e8fa50] CodeCache_lock - owner thread: 0x00000253c3234930

Heap address: 0x0000000700000000, size: 4096 MB, Compressed Oops mode: Zero based, Oop shift amount: 3

CDS archive(s) not mapped
Compressed class space mapped at: 0x0000000800000000-0x0000000840000000, reserved size: 1073741824
Narrow klass base: 0x0000000800000000, Narrow klass shift: 0, Narrow klass range: 0x40000000

GC Precious Log:
 CPUs: 4 total, 4 available
 Memory: 8095M
 Large Page Support: Disabled
 NUMA Support: Disabled
 Compressed Oops: Enabled (Zero based)
 Heap Region Size: 2M
 Heap Min Capacity: 8M
 Heap Initial Capacity: 128M
 Heap Max Capacity: 4G
 Pre-touch: Disabled
 Parallel Workers: 4
 Concurrent Workers: 1
 Concurrent Refinement Workers: 4
 Periodic GC: Disabled

Heap:
 garbage-first heap   total 174080K, used 72705K [0x0000000700000000, 0x0000000800000000)
  region size 2048K, 22 young (45056K), 2 survivors (4096K)
 Metaspace       used 58167K, committed 58688K, reserved 1114112K
  class space    used 7926K, committed 8192K, reserved 1048576K

Heap Regions: E=young(eden), S=young(survivor), O=old, HS=humongous(starts), HC=humongous(continues), CS=collection set, F=free, OA=open archive, CA=closed archive, TAMS=top-at-mark-start (previous, next)
|   0|0x0000000700000000, 0x0000000700200000, 0x0000000700200000|100%| O|  |TAMS 0x0000000700200000, 0x0000000700000000| Untracked 
|   1|0x0000000700200000, 0x0000000700400000, 0x0000000700400000|100%|HS|  |TAMS 0x0000000700400000, 0x0000000700200000| Complete 
|   2|0x0000000700400000, 0x0000000700600000, 0x0000000700600000|100%|HC|  |TAMS 0x0000000700600000, 0x0000000700400000| Complete 
|   3|0x0000000700600000, 0x0000000700800000, 0x0000000700800000|100%| O|  |TAMS 0x0000000700800000, 0x0000000700600000| Untracked 
|   4|0x0000000700800000, 0x0000000700a00000, 0x0000000700a00000|100%| O|  |TAMS 0x0000000700800000, 0x0000000700800000| Untracked 
|   5|0x0000000700a00000, 0x0000000700c00000, 0x0000000700c00000|100%| O|  |TAMS 0x0000000700c00000, 0x0000000700a00000| Untracked 
|   6|0x0000000700c00000, 0x0000000700e00000, 0x0000000700e00000|100%| O|  |TAMS 0x0000000700e00000, 0x0000000700c00000| Untracked 
|   7|0x0000000700e00000, 0x0000000701000000, 0x0000000701000000|100%| O|  |TAMS 0x0000000701000000, 0x0000000700e00000| Untracked 
|   8|0x0000000701000000, 0x0000000701200000, 0x0000000701200000|100%| O|  |TAMS 0x0000000701200000, 0x0000000701000000| Untracked 
|   9|0x0000000701200000, 0x0000000701400000, 0x0000000701400000|100%| O|  |TAMS 0x0000000701400000, 0x0000000701200000| Untracked 
|  10|0x0000000701400000, 0x0000000701555c00, 0x0000000701600000| 66%| O|  |TAMS 0x0000000701400000, 0x0000000701400000| Untracked 
|  11|0x0000000701600000, 0x0000000701800000, 0x0000000701800000|100%| O|  |TAMS 0x0000000701600000, 0x0000000701600000| Untracked 
|  12|0x0000000701800000, 0x0000000701a00000, 0x0000000701a00000|100%| O|  |TAMS 0x0000000701800000, 0x0000000701800000| Untracked 
|  13|0x0000000701a00000, 0x0000000701c00000, 0x0000000701c00000|100%| O|  |TAMS 0x0000000701a00000, 0x0000000701a00000| Untracked 
|  14|0x0000000701c00000, 0x0000000701c00000, 0x0000000701e00000|  0%| F|  |TAMS 0x0000000701c00000, 0x0000000701c00000| Untracked 
|  15|0x0000000701e00000, 0x0000000701e00000, 0x0000000702000000|  0%| F|  |TAMS 0x0000000701e00000, 0x0000000701e00000| Untracked 
|  16|0x0000000702000000, 0x0000000702000000, 0x0000000702200000|  0%| F|  |TAMS 0x0000000702000000, 0x0000000702000000| Untracked 
|  17|0x0000000702200000, 0x0000000702200000, 0x0000000702400000|  0%| F|  |TAMS 0x0000000702200000, 0x0000000702200000| Untracked 
|  18|0x0000000702400000, 0x0000000702600000, 0x0000000702600000|100%| O|  |TAMS 0x0000000702400000, 0x0000000702400000| Untracked 
|  19|0x0000000702600000, 0x0000000702600000, 0x0000000702800000|  0%| F|  |TAMS 0x0000000702600000, 0x0000000702600000| Untracked 
|  20|0x0000000702800000, 0x0000000702800000, 0x0000000702a00000|  0%| F|  |TAMS 0x0000000702800000, 0x0000000702800000| Untracked 
|  21|0x0000000702a00000, 0x0000000702baa9d0, 0x0000000702c00000| 83%| S|CS|TAMS 0x0000000702a00000, 0x0000000702a00000| Complete 
|  22|0x0000000702c00000, 0x0000000702c00000, 0x0000000702e00000|  0%| F|  |TAMS 0x0000000702c00000, 0x0000000702c00000| Untracked 
|  23|0x0000000702e00000, 0x0000000703000000, 0x0000000703000000|100%| S|CS|TAMS 0x0000000702e00000, 0x0000000702e00000| Complete 
|  24|0x0000000703000000, 0x0000000703000000, 0x0000000703200000|  0%| F|  |TAMS 0x0000000703000000, 0x0000000703000000| Untracked 
|  25|0x0000000703200000, 0x0000000703200000, 0x0000000703400000|  0%| F|  |TAMS 0x0000000703200000, 0x0000000703200000| Untracked 
|  26|0x0000000703400000, 0x0000000703400000, 0x0000000703600000|  0%| F|  |TAMS 0x0000000703400000, 0x0000000703400000| Untracked 
|  27|0x0000000703600000, 0x0000000703600000, 0x0000000703800000|  0%| F|  |TAMS 0x0000000703600000, 0x0000000703600000| Untracked 
|  28|0x0000000703800000, 0x0000000703800000, 0x0000000703a00000|  0%| F|  |TAMS 0x0000000703800000, 0x0000000703800000| Untracked 
|  29|0x0000000703a00000, 0x0000000703a00000, 0x0000000703c00000|  0%| F|  |TAMS 0x0000000703a00000, 0x0000000703a00000| Untracked 
|  30|0x0000000703c00000, 0x0000000703c00000, 0x0000000703e00000|  0%| F|  |TAMS 0x0000000703c00000, 0x0000000703c00000| Untracked 
|  31|0x0000000703e00000, 0x0000000703e00000, 0x0000000704000000|  0%| F|  |TAMS 0x0000000703e00000, 0x0000000703e00000| Untracked 
|  32|0x0000000704000000, 0x0000000704000000, 0x0000000704200000|  0%| F|  |TAMS 0x0000000704000000, 0x0000000704000000| Untracked 
|  33|0x0000000704200000, 0x0000000704200000, 0x0000000704400000|  0%| F|  |TAMS 0x0000000704200000, 0x0000000704200000| Untracked 
|  34|0x0000000704400000, 0x0000000704400000, 0x0000000704600000|  0%| F|  |TAMS 0x0000000704400000, 0x0000000704400000| Untracked 
|  35|0x0000000704600000, 0x0000000704600000, 0x0000000704800000|  0%| F|  |TAMS 0x0000000704600000, 0x0000000704600000| Untracked 
|  36|0x0000000704800000, 0x0000000704800000, 0x0000000704a00000|  0%| F|  |TAMS 0x0000000704800000, 0x0000000704800000| Untracked 
|  37|0x0000000704a00000, 0x0000000704a00000, 0x0000000704c00000|  0%| F|  |TAMS 0x0000000704a00000, 0x0000000704a00000| Untracked 
|  38|0x0000000704c00000, 0x0000000704c00000, 0x0000000704e00000|  0%| F|  |TAMS 0x0000000704c00000, 0x0000000704c00000| Untracked 
|  39|0x0000000704e00000, 0x0000000704e00000, 0x0000000705000000|  0%| F|  |TAMS 0x0000000704e00000, 0x0000000704e00000| Untracked 
|  40|0x0000000705000000, 0x0000000705000000, 0x0000000705200000|  0%| F|  |TAMS 0x0000000705000000, 0x0000000705000000| Untracked 
|  41|0x0000000705200000, 0x0000000705200000, 0x0000000705400000|  0%| F|  |TAMS 0x0000000705200000, 0x0000000705200000| Untracked 
|  42|0x0000000705400000, 0x0000000705400000, 0x0000000705600000|  0%| F|  |TAMS 0x0000000705400000, 0x0000000705400000| Untracked 
|  43|0x0000000705600000, 0x0000000705600000, 0x0000000705800000|  0%| F|  |TAMS 0x0000000705600000, 0x0000000705600000| Untracked 
|  44|0x0000000705800000, 0x0000000705800000, 0x0000000705a00000|  0%| F|  |TAMS 0x0000000705800000, 0x0000000705800000| Untracked 
|  45|0x0000000705a00000, 0x0000000705a00000, 0x0000000705c00000|  0%| F|  |TAMS 0x0000000705a00000, 0x0000000705a00000| Untracked 
|  46|0x0000000705c00000, 0x0000000705c00000, 0x0000000705e00000|  0%| F|  |TAMS 0x0000000705c00000, 0x0000000705c00000| Untracked 
|  47|0x0000000705e00000, 0x0000000705e00000, 0x0000000706000000|  0%| F|  |TAMS 0x0000000705e00000, 0x0000000705e00000| Untracked 
|  48|0x0000000706000000, 0x0000000706000000, 0x0000000706200000|  0%| F|  |TAMS 0x0000000706000000, 0x0000000706000000| Untracked 
|  49|0x0000000706200000, 0x0000000706200000, 0x0000000706400000|  0%| F|  |TAMS 0x0000000706200000, 0x0000000706200000| Untracked 
|  50|0x0000000706400000, 0x0000000706400000, 0x0000000706600000|  0%| F|  |TAMS 0x0000000706400000, 0x0000000706400000| Untracked 
|  51|0x0000000706600000, 0x0000000706600000, 0x0000000706800000|  0%| F|  |TAMS 0x0000000706600000, 0x0000000706600000| Untracked 
|  52|0x0000000706800000, 0x0000000706800000, 0x0000000706a00000|  0%| F|  |TAMS 0x0000000706800000, 0x0000000706800000| Untracked 
|  53|0x0000000706a00000, 0x0000000706a00000, 0x0000000706c00000|  0%| F|  |TAMS 0x0000000706a00000, 0x0000000706a00000| Untracked 
|  54|0x0000000706c00000, 0x0000000706c00000, 0x0000000706e00000|  0%| F|  |TAMS 0x0000000706c00000, 0x0000000706c00000| Untracked 
|  55|0x0000000706e00000, 0x0000000706e00000, 0x0000000707000000|  0%| F|  |TAMS 0x0000000706e00000, 0x0000000706e00000| Untracked 
|  56|0x0000000707000000, 0x0000000707000000, 0x0000000707200000|  0%| F|  |TAMS 0x0000000707000000, 0x0000000707000000| Untracked 
|  57|0x0000000707200000, 0x0000000707200000, 0x0000000707400000|  0%| F|  |TAMS 0x0000000707200000, 0x0000000707200000| Untracked 
|  58|0x0000000707400000, 0x0000000707400000, 0x0000000707600000|  0%| F|  |TAMS 0x0000000707400000, 0x0000000707400000| Untracked 
|  59|0x0000000707600000, 0x0000000707600000, 0x0000000707800000|  0%| F|  |TAMS 0x0000000707600000, 0x0000000707600000| Untracked 
|  60|0x0000000707800000, 0x0000000707800000, 0x0000000707a00000|  0%| F|  |TAMS 0x0000000707800000, 0x0000000707800000| Untracked 
|  61|0x0000000707a00000, 0x0000000707a00000, 0x0000000707c00000|  0%| F|  |TAMS 0x0000000707a00000, 0x0000000707a00000| Untracked 
|  62|0x0000000707c00000, 0x0000000707c00000, 0x0000000707e00000|  0%| F|  |TAMS 0x0000000707c00000, 0x0000000707c00000| Untracked 
|  63|0x0000000707e00000, 0x0000000707e00000, 0x0000000708000000|  0%| F|  |TAMS 0x0000000707e00000, 0x0000000707e00000| Untracked 
|  64|0x0000000708000000, 0x0000000708000000, 0x0000000708200000|  0%| F|  |TAMS 0x0000000708000000, 0x0000000708000000| Untracked 
|  65|0x0000000708200000, 0x0000000708300800, 0x0000000708400000| 50%| E|  |TAMS 0x0000000708200000, 0x0000000708200000| Complete 
|  66|0x0000000708400000, 0x0000000708600000, 0x0000000708600000|100%| E|CS|TAMS 0x0000000708400000, 0x0000000708400000| Complete 
|  67|0x0000000708600000, 0x0000000708800000, 0x0000000708800000|100%| E|CS|TAMS 0x0000000708600000, 0x0000000708600000| Complete 
|  68|0x0000000708800000, 0x0000000708a00000, 0x0000000708a00000|100%| E|CS|TAMS 0x0000000708800000, 0x0000000708800000| Complete 
|  69|0x0000000708a00000, 0x0000000708c00000, 0x0000000708c00000|100%| E|CS|TAMS 0x0000000708a00000, 0x0000000708a00000| Complete 
|  70|0x0000000708c00000, 0x0000000708e00000, 0x0000000708e00000|100%| E|CS|TAMS 0x0000000708c00000, 0x0000000708c00000| Complete 
|  71|0x0000000708e00000, 0x0000000709000000, 0x0000000709000000|100%| E|CS|TAMS 0x0000000708e00000, 0x0000000708e00000| Complete 
|  72|0x0000000709000000, 0x0000000709200000, 0x0000000709200000|100%| E|CS|TAMS 0x0000000709000000, 0x0000000709000000| Complete 
|  73|0x0000000709200000, 0x0000000709400000, 0x0000000709400000|100%| E|CS|TAMS 0x0000000709200000, 0x0000000709200000| Complete 
|  74|0x0000000709400000, 0x0000000709600000, 0x0000000709600000|100%| E|CS|TAMS 0x0000000709400000, 0x0000000709400000| Complete 
|  75|0x0000000709600000, 0x0000000709800000, 0x0000000709800000|100%| E|CS|TAMS 0x0000000709600000, 0x0000000709600000| Complete 
|  76|0x0000000709800000, 0x0000000709a00000, 0x0000000709a00000|100%| E|CS|TAMS 0x0000000709800000, 0x0000000709800000| Complete 
|  77|0x0000000709a00000, 0x0000000709c00000, 0x0000000709c00000|100%| E|CS|TAMS 0x0000000709a00000, 0x0000000709a00000| Complete 
|  78|0x0000000709c00000, 0x0000000709e00000, 0x0000000709e00000|100%| E|CS|TAMS 0x0000000709c00000, 0x0000000709c00000| Complete 
|  79|0x0000000709e00000, 0x000000070a000000, 0x000000070a000000|100%| E|CS|TAMS 0x0000000709e00000, 0x0000000709e00000| Complete 
|  80|0x000000070a000000, 0x000000070a200000, 0x000000070a200000|100%| E|CS|TAMS 0x000000070a000000, 0x000000070a000000| Complete 
|  81|0x000000070a200000, 0x000000070a400000, 0x000000070a400000|100%| E|CS|TAMS 0x000000070a200000, 0x000000070a200000| Complete 
|  82|0x000000070a400000, 0x000000070a600000, 0x000000070a600000|100%| E|CS|TAMS 0x000000070a400000, 0x000000070a400000| Complete 
|  83|0x000000070a600000, 0x000000070a800000, 0x000000070a800000|100%| E|CS|TAMS 0x000000070a600000, 0x000000070a600000| Complete 
|  84|0x000000070a800000, 0x000000070aa00000, 0x000000070aa00000|100%| E|CS|TAMS 0x000000070a800000, 0x000000070a800000| Complete 

Card table byte_map: [0x00000253b7b70000,0x00000253b8370000] _byte_map_base: 0x00000253b4370000

Marking Bits (Prev, Next): (CMBitMap*) 0x00000253a4f04ff0, (CMBitMap*) 0x00000253a4f05030
 Prev Bits: [0x00000253b8b70000, 0x00000253bcb70000)
 Next Bits: [0x00000253bcb70000, 0x00000253c0b70000)

Polling page: 0x00000253a3020000

Metaspace:

Usage:
  Non-class:     49.07 MB used.
      Class:      7.74 MB used.
       Both:     56.81 MB used.

Virtual space:
  Non-class space:       64.00 MB reserved,      49.31 MB ( 77%) committed,  1 nodes.
      Class space:        1.00 GB reserved,       8.00 MB ( <1%) committed,  1 nodes.
             Both:        1.06 GB reserved,      57.31 MB (  5%) committed. 

Chunk freelists:
   Non-Class:  14.31 MB
       Class:  7.84 MB
        Both:  22.16 MB

MaxMetaspaceSize: unlimited
CompressedClassSpaceSize: 1.00 GB
Initial GC threshold: 21.00 MB
Current GC threshold: 58.88 MB
CDS: off
MetaspaceReclaimPolicy: balanced
 - commit_granule_bytes: 65536.
 - commit_granule_words: 8192.
 - virtual_space_node_default_size: 8388608.
 - enlarge_chunks_in_place: 1.
 - new_chunks_are_fully_committed: 0.
 - uncommit_free_chunks: 1.
 - use_allocation_guard: 0.
 - handle_deallocations: 1.


Internal statistics:

num_allocs_failed_limit: 6.
num_arena_births: 614.
num_arena_deaths: 0.
num_vsnodes_births: 2.
num_vsnodes_deaths: 0.
num_space_committed: 917.
num_space_uncommitted: 0.
num_chunks_returned_to_freelist: 6.
num_chunks_taken_from_freelist: 2452.
num_chunk_merges: 6.
num_chunk_splits: 1659.
num_chunks_enlarged: 1185.
num_inconsistent_stats: 0.

CodeHeap 'non-profiled nmethods': size=120000Kb used=3055Kb max_used=3055Kb free=116944Kb
 bounds [0x00000253afe40000, 0x00000253b0140000, 0x00000253b7370000]
CodeHeap 'profiled nmethods': size=120000Kb used=10375Kb max_used=10375Kb free=109624Kb
 bounds [0x00000253a8370000, 0x00000253a8da0000, 0x00000253af8a0000]
CodeHeap 'non-nmethods': size=5760Kb used=2325Kb max_used=2361Kb free=3434Kb
 bounds [0x00000253af8a0000, 0x00000253afb10000, 0x00000253afe40000]
 total_blobs=5774 nmethods=4937 adapters=749
 compilation: enabled
              stopped_count=0, restarted_count=0
 full_count=0

Compilation events (20 events):
Event: 8.759 Thread 0x00000253c3234930 nmethod 4910 0x00000253a8d7b110 code [0x00000253a8d7b2e0, 0x00000253a8d7b5c8]
Event: 8.759 Thread 0x00000253c3234930 4911       3       kotlin.LazyKt__LazyJVMKt::lazy (102 bytes)
Event: 8.761 Thread 0x00000253c3234930 nmethod 4911 0x00000253a8d7b710 code [0x00000253a8d7bb20, 0x00000253a8d7d678]
Event: 8.772 Thread 0x00000253c30917c0 nmethod 4902 0x00000253b0135810 code [0x00000253b01359c0, 0x00000253b0135e78]
Event: 8.772 Thread 0x00000253c30917c0 4901       4       jdk.internal.loader.URLClassPath$JarLoader$2::getInputStream (15 bytes)
Event: 8.774 Thread 0x00000253c30917c0 nmethod 4901 0x00000253b0136390 code [0x00000253b0136520, 0x00000253b01368d8]
Event: 8.777 Thread 0x00000253c30917c0 4912       4       java.lang.instrument.ClassFileTransformer::transform (15 bytes)
Event: 8.779 Thread 0x00000253c30917c0 nmethod 4912 0x00000253b0136b10 code [0x00000253b0136ca0, 0x00000253b0136e18]
Event: 8.779 Thread 0x00000253c30917c0 4913   !   4       sun.instrument.TransformerManager::transform (100 bytes)
Event: 8.780 Thread 0x00000253c3234930 4914       3       kotlin.reflect.jvm.internal.impl.renderer.DescriptorRendererOptionsImpl::property (20 bytes)
Event: 8.780 Thread 0x00000253c3234930 nmethod 4914 0x00000253a8d7df10 code [0x00000253a8d7e0c0, 0x00000253a8d7e418]
Event: 8.790 Thread 0x00000253c30917c0 nmethod 4913 0x00000253b0136f90 code [0x00000253b0137140, 0x00000253b0137578]
Event: 8.822 Thread 0x00000253c30917c0 4915       4       jdk.internal.loader.URLClassPath$JarLoader::findResource (18 bytes)
Event: 8.823 Thread 0x00000253c3234930 4916       3       java.io.FilterInputStream::read (11 bytes)
Event: 8.823 Thread 0x00000253c3234930 nmethod 4916 0x00000253a8d7e590 code [0x00000253a8d7e740, 0x00000253a8d7e928]
Event: 8.842 Thread 0x00000253c30917c0 nmethod 4915 0x00000253b0137990 code [0x00000253b0137c20, 0x00000253b0138590]
Event: 8.865 Thread 0x00000253c30917c0 4917       4       sun.instrument.InstrumentationImpl::transform (73 bytes)
Event: 8.878 Thread 0x00000253c30917c0 nmethod 4917 0x00000253b0138c90 code [0x00000253b0138e60, 0x00000253b01393b8]
Event: 8.881 Thread 0x00000253c3234930 4918       3       java.util.jar.JarFile::getEntry (35 bytes)
Event: 8.881 Thread 0x00000253c3234930 nmethod 4918 0x00000253a8d7ea10 code [0x00000253a8d7ec00, 0x00000253a8d7f098]

GC Heap History (20 events):
Event: 3.073 GC heap before
{Heap before GC invocations=3 (full 0):
 garbage-first heap   total 131072K, used 62164K [0x0000000700000000, 0x0000000800000000)
  region size 2048K, 29 young (59392K), 2 survivors (4096K)
 Metaspace       used 21271K, committed 21504K, reserved 1114112K
  class space    used 2560K, committed 2688K, reserved 1048576K
}
Event: 3.083 GC heap after
{Heap after GC invocations=4 (full 0):
 garbage-first heap   total 131072K, used 18251K [0x0000000700000000, 0x0000000800000000)
  region size 2048K, 5 young (10240K), 5 survivors (10240K)
 Metaspace       used 21271K, committed 21504K, reserved 1114112K
  class space    used 2560K, committed 2688K, reserved 1048576K
}
Event: 3.828 GC heap before
{Heap before GC invocations=5 (full 0):
 garbage-first heap   total 75776K, used 53067K [0x0000000700000000, 0x0000000800000000)
  region size 2048K, 22 young (45056K), 5 survivors (10240K)
 Metaspace       used 26177K, committed 26496K, reserved 1114112K
  class space    used 3394K, committed 3520K, reserved 1048576K
}
Event: 3.843 GC heap after
{Heap after GC invocations=6 (full 0):
 garbage-first heap   total 75776K, used 20756K [0x0000000700000000, 0x0000000800000000)
  region size 2048K, 2 young (4096K), 2 survivors (4096K)
 Metaspace       used 26177K, committed 26496K, reserved 1114112K
  class space    used 3394K, committed 3520K, reserved 1048576K
}
Event: 3.884 GC heap before
{Heap before GC invocations=6 (full 0):
 garbage-first heap   total 75776K, used 22804K [0x0000000700000000, 0x0000000800000000)
  region size 2048K, 3 young (6144K), 2 survivors (4096K)
 Metaspace       used 26362K, committed 26624K, reserved 1114112K
  class space    used 3431K, committed 3520K, reserved 1048576K
}
Event: 3.889 GC heap after
{Heap after GC invocations=7 (full 0):
 garbage-first heap   total 75776K, used 20597K [0x0000000700000000, 0x0000000800000000)
  region size 2048K, 1 young (2048K), 1 survivors (2048K)
 Metaspace       used 26362K, committed 26624K, reserved 1114112K
  class space    used 3431K, committed 3520K, reserved 1048576K
}
Event: 4.531 GC heap before
{Heap before GC invocations=7 (full 0):
 garbage-first heap   total 75776K, used 51317K [0x0000000700000000, 0x0000000800000000)
  region size 2048K, 16 young (32768K), 1 survivors (2048K)
 Metaspace       used 30539K, committed 30784K, reserved 1114112K
  class space    used 4112K, committed 4224K, reserved 1048576K
}
Event: 4.536 GC heap after
{Heap after GC invocations=8 (full 0):
 garbage-first heap   total 102400K, used 21824K [0x0000000700000000, 0x0000000800000000)
  region size 2048K, 1 young (2048K), 1 survivors (2048K)
 Metaspace       used 30539K, committed 30784K, reserved 1114112K
  class space    used 4112K, committed 4224K, reserved 1048576K
}
Event: 5.246 GC heap before
{Heap before GC invocations=8 (full 0):
 garbage-first heap   total 102400K, used 54592K [0x0000000700000000, 0x0000000800000000)
  region size 2048K, 18 young (36864K), 1 survivors (2048K)
 Metaspace       used 35632K, committed 35968K, reserved 1114112K
  class space    used 4802K, committed 4928K, reserved 1048576K
}
Event: 5.255 GC heap after
{Heap after GC invocations=9 (full 0):
 garbage-first heap   total 102400K, used 23968K [0x0000000700000000, 0x0000000800000000)
  region size 2048K, 2 young (4096K), 2 survivors (4096K)
 Metaspace       used 35632K, committed 35968K, reserved 1114112K
  class space    used 4802K, committed 4928K, reserved 1048576K
}
Event: 6.112 GC heap before
{Heap before GC invocations=10 (full 0):
 garbage-first heap   total 90112K, used 75168K [0x0000000700000000, 0x0000000800000000)
  region size 2048K, 26 young (53248K), 2 survivors (4096K)
 Metaspace       used 42304K, committed 42688K, reserved 1114112K
  class space    used 5528K, committed 5696K, reserved 1048576K
}
Event: 6.124 GC heap after
{Heap after GC invocations=11 (full 0):
 garbage-first heap   total 90112K, used 28843K [0x0000000700000000, 0x0000000800000000)
  region size 2048K, 4 young (8192K), 4 survivors (8192K)
 Metaspace       used 42304K, committed 42688K, reserved 1114112K
  class space    used 5528K, committed 5696K, reserved 1048576K
}
Event: 6.155 GC heap before
{Heap before GC invocations=11 (full 0):
 garbage-first heap   total 90112K, used 30891K [0x0000000700000000, 0x0000000800000000)
  region size 2048K, 5 young (10240K), 4 survivors (8192K)
 Metaspace       used 42494K, committed 42880K, reserved 1114112K
  class space    used 5557K, committed 5696K, reserved 1048576K
}
Event: 6.168 GC heap after
{Heap after GC invocations=12 (full 0):
 garbage-first heap   total 90112K, used 29559K [0x0000000700000000, 0x0000000800000000)
  region size 2048K, 1 young (2048K), 1 survivors (2048K)
 Metaspace       used 42494K, committed 42880K, reserved 1114112K
  class space    used 5557K, committed 5696K, reserved 1048576K
}
Event: 6.624 GC heap before
{Heap before GC invocations=12 (full 0):
 garbage-first heap   total 90112K, used 68471K [0x0000000700000000, 0x0000000800000000)
  region size 2048K, 20 young (40960K), 1 survivors (2048K)
 Metaspace       used 44345K, committed 44800K, reserved 1114112K
  class space    used 5845K, committed 6080K, reserved 1048576K
}
Event: 6.629 GC heap after
{Heap after GC invocations=13 (full 0):
 garbage-first heap   total 90112K, used 30210K [0x0000000700000000, 0x0000000800000000)
  region size 2048K, 1 young (2048K), 1 survivors (2048K)
 Metaspace       used 44345K, committed 44800K, reserved 1114112K
  class space    used 5845K, committed 6080K, reserved 1048576K
}
Event: 7.353 GC heap before
{Heap before GC invocations=13 (full 0):
 garbage-first heap   total 90112K, used 67074K [0x0000000700000000, 0x0000000800000000)
  region size 2048K, 20 young (40960K), 1 survivors (2048K)
 Metaspace       used 48875K, committed 49344K, reserved 1114112K
  class space    used 6510K, committed 6720K, reserved 1048576K
}
Event: 7.362 GC heap after
{Heap after GC invocations=14 (full 0):
 garbage-first heap   total 90112K, used 32016K [0x0000000700000000, 0x0000000800000000)
  region size 2048K, 2 young (4096K), 2 survivors (4096K)
 Metaspace       used 48875K, committed 49344K, reserved 1114112K
  class space    used 6510K, committed 6720K, reserved 1048576K
}
Event: 8.159 GC heap before
{Heap before GC invocations=14 (full 0):
 garbage-first heap   total 90112K, used 70928K [0x0000000700000000, 0x0000000800000000)
  region size 2048K, 21 young (43008K), 2 survivors (4096K)
 Metaspace       used 53733K, committed 54272K, reserved 1114112K
  class space    used 7289K, committed 7552K, reserved 1048576K
}
Event: 8.172 GC heap after
{Heap after GC invocations=15 (full 0):
 garbage-first heap   total 174080K, used 33793K [0x0000000700000000, 0x0000000800000000)
  region size 2048K, 2 young (4096K), 2 survivors (4096K)
 Metaspace       used 53733K, committed 54272K, reserved 1114112K
  class space    used 7289K, committed 7552K, reserved 1048576K
}

Dll operation events (3 events):
Event: 0.014 Loaded shared library C:\Program Files\Android\Android Studio\jbr\bin\java.dll
Event: 0.182 Loaded shared library C:\Program Files\Android\Android Studio\jbr\bin\zip.dll
Event: 0.599 Loaded shared library C:\Program Files\Android\Android Studio\jbr\bin\verify.dll

Deoptimization events (20 events):
Event: 8.775 Thread 0x00000253c8b9e870 Uncommon trap: trap_request=0xffffffbe fr.pc=0x00000253b0135cd8 relative=0x0000000000000318
Event: 8.775 Thread 0x00000253c8b9e870 Uncommon trap: reason=profile_predicate action=maybe_recompile pc=0x00000253b0135cd8 method=sun.instrument.TransformerManager.transform(Ljava/lang/Module;Ljava/lang/ClassLoader;Ljava/lang/String;Ljava/lang/Class;Ljava/security/ProtectionDomain;[B)[B @ 21 
Event: 8.775 Thread 0x00000253c8b9e870 DEOPT PACKING pc=0x00000253b0135cd8 sp=0x000000e729bf2fd0
Event: 8.775 Thread 0x00000253c8b9e870 DEOPT UNPACKING pc=0x00000253af8f69a3 sp=0x000000e729bf2ee0 mode 2
Event: 8.775 Thread 0x00000253c8b9e870 Uncommon trap: trap_request=0xffffffbe fr.pc=0x00000253b0135cd8 relative=0x0000000000000318
Event: 8.775 Thread 0x00000253c8b9e870 Uncommon trap: reason=profile_predicate action=maybe_recompile pc=0x00000253b0135cd8 method=sun.instrument.TransformerManager.transform(Ljava/lang/Module;Ljava/lang/ClassLoader;Ljava/lang/String;Ljava/lang/Class;Ljava/security/ProtectionDomain;[B)[B @ 21 
Event: 8.775 Thread 0x00000253c8b9e870 DEOPT PACKING pc=0x00000253b0135cd8 sp=0x000000e729bf2d20
Event: 8.775 Thread 0x00000253c8b9e870 DEOPT UNPACKING pc=0x00000253af8f69a3 sp=0x000000e729bf2c30 mode 2
Event: 8.776 Thread 0x00000253c8b9e870 Uncommon trap: trap_request=0xffffffbe fr.pc=0x00000253b0135cd8 relative=0x0000000000000318
Event: 8.776 Thread 0x00000253c8b9e870 Uncommon trap: reason=profile_predicate action=maybe_recompile pc=0x00000253b0135cd8 method=sun.instrument.TransformerManager.transform(Ljava/lang/Module;Ljava/lang/ClassLoader;Ljava/lang/String;Ljava/lang/Class;Ljava/security/ProtectionDomain;[B)[B @ 21 
Event: 8.776 Thread 0x00000253c8b9e870 DEOPT PACKING pc=0x00000253b0135cd8 sp=0x000000e729bf2d20
Event: 8.776 Thread 0x00000253c8b9e870 DEOPT UNPACKING pc=0x00000253af8f69a3 sp=0x000000e729bf2c30 mode 2
Event: 8.777 Thread 0x00000253c8b9e870 Uncommon trap: trap_request=0xffffffbe fr.pc=0x00000253b0135cd8 relative=0x0000000000000318
Event: 8.777 Thread 0x00000253c8b9e870 Uncommon trap: reason=profile_predicate action=maybe_recompile pc=0x00000253b0135cd8 method=sun.instrument.TransformerManager.transform(Ljava/lang/Module;Ljava/lang/ClassLoader;Ljava/lang/String;Ljava/lang/Class;Ljava/security/ProtectionDomain;[B)[B @ 21 
Event: 8.777 Thread 0x00000253c8b9e870 DEOPT PACKING pc=0x00000253b0135cd8 sp=0x000000e729bf2d20
Event: 8.777 Thread 0x00000253c8b9e870 DEOPT UNPACKING pc=0x00000253af8f69a3 sp=0x000000e729bf2c30 mode 2
Event: 8.881 Thread 0x00000253c8b9e870 Uncommon trap: trap_request=0xffffff45 fr.pc=0x00000253b012228c relative=0x0000000000000b6c
Event: 8.881 Thread 0x00000253c8b9e870 Uncommon trap: reason=unstable_if action=reinterpret pc=0x00000253b012228c method=java.util.jar.JarFile.getVersionedEntry(Ljava/lang/String;Ljava/util/jar/JarEntry;)Ljava/util/jar/JarEntry; @ 26 c2
Event: 8.881 Thread 0x00000253c8b9e870 DEOPT PACKING pc=0x00000253b012228c sp=0x000000e729bf2780
Event: 8.881 Thread 0x00000253c8b9e870 DEOPT UNPACKING pc=0x00000253af8f69a3 sp=0x000000e729bf2700 mode 2

Classes unloaded (0 events):
No events

Classes redefined (0 events):
No events

Internal exceptions (20 events):
Event: 6.511 Thread 0x00000253c8b9e870 Exception <a 'java/lang/NoSuchMethodError'{0x0000000703a05078}: 'java.lang.Object java.lang.invoke.DirectMethodHandle$Holder.invokeStatic(java.lang.Object, java.lang.Object, java.lang.Object, java.lang.Object, java.lang.Object, java.lang.Object, java.lang.Object, java.lang.Object, java.lang.Object, java.lang.Object, java.lang.Object, java.lang.Object, java.lang.Object, java.lang.Object, java.lang.Object, java.lang.Object, java.lang.Object, java.lang.Object, java.lang.Object, java.lang.Object, java.lang.Obj
Event: 6.514 Thread 0x00000253c8b9e870 Exception <a 'java/lang/NoSuchMethodError'{0x0000000703a32350}: 'java.lang.Object java.lang.invoke.DirectMethodHandle$Holder.invokeStatic(java.lang.Object, java.lang.Object, java.lang.Object, java.lang.Object, java.lang.Object, java.lang.Object, java.lang.Object, java.lang.Object, java.lang.Object, java.lang.Object, java.lang.Object, java.lang.Object, java.lang.Object, java.lang.Object, java.lang.Object, java.lang.Object, java.lang.Object, java.lang.Object, java.lang.Object, java.lang.Object, java.lang.Obj
Event: 6.517 Thread 0x00000253c8b9e870 Exception <a 'java/lang/NoSuchMethodError'{0x0000000703a607e0}: 'java.lang.Object java.lang.invoke.DirectMethodHandle$Holder.invokeStatic(java.lang.Object, java.lang.Object, java.lang.Object, java.lang.Object, java.lang.Object, java.lang.Object, java.lang.Object, java.lang.Object, java.lang.Object, java.lang.Object, java.lang.Object, java.lang.Object, java.lang.Object, java.lang.Object, java.lang.Object, java.lang.Object, java.lang.Object, java.lang.Object, java.lang.Object, java.lang.Object, java.lang.Obj
Event: 6.520 Thread 0x00000253c8b9e870 Exception <a 'java/lang/NoSuchMethodError'{0x0000000703a90878}: 'java.lang.Object java.lang.invoke.DirectMethodHandle$Holder.invokeStatic(java.lang.Object, java.lang.Object, java.lang.Object, java.lang.Object, java.lang.Object, java.lang.Object, java.lang.Object, java.lang.Object, java.lang.Object, java.lang.Object, java.lang.Object, java.lang.Object, java.lang.Object, java.lang.Object, java.lang.Object, java.lang.Object, java.lang.Object, java.lang.Object, java.lang.Object, java.lang.Object, java.lang.Obj
Event: 6.523 Thread 0x00000253c8b9e870 Exception <a 'java/lang/NoSuchMethodError'{0x0000000703ac58d8}: 'java.lang.Object java.lang.invoke.DirectMethodHandle$Holder.invokeStatic(java.lang.Object, java.lang.Object, java.lang.Object, java.lang.Object, java.lang.Object, java.lang.Object, java.lang.Object, java.lang.Object, java.lang.Object, java.lang.Object, java.lang.Object, java.lang.Object, java.lang.Object, java.lang.Object, java.lang.Object, java.lang.Object, java.lang.Object, java.lang.Object, java.lang.Object, java.lang.Object, java.lang.Obj
Event: 6.700 Thread 0x00000253c8b9e870 Exception <a 'java/lang/IncompatibleClassChangeError'{0x000000070537fb88}: Found class java.lang.Object, but interface was expected> (0x000000070537fb88) 
thrown [s\src\hotspot\share\interpreter\linkResolver.cpp, line 838]
Event: 6.789 Thread 0x00000253c8b9e870 Exception <a 'java/lang/IncompatibleClassChangeError'{0x0000000704ea56e0}: Found class java.lang.Object, but interface was expected> (0x0000000704ea56e0) 
thrown [s\src\hotspot\share\interpreter\linkResolver.cpp, line 838]
Event: 6.802 Thread 0x00000253c8b9e870 Exception <a 'java/lang/NoSuchMethodError'{0x0000000704f51800}: 'void java.lang.invoke.DirectMethodHandle$Holder.invokeStatic(java.lang.Object, java.lang.Object, java.lang.Object, java.lang.Object, java.lang.Object, java.lang.Object)'> (0x0000000704f51800) 
thrown [s\src\hotspot\share\interpreter\linkResolver.cpp, line 771]
Event: 6.821 Thread 0x00000253c8b9e870 Exception <a 'java/lang/NoSuchMethodError'{0x0000000704c7b868}: 'int java.lang.invoke.DirectMethodHandle$Holder.invokeStaticInit(java.lang.Object, java.lang.Object, java.lang.Object, java.lang.Object, java.lang.Object)'> (0x0000000704c7b868) 
thrown [s\src\hotspot\share\interpreter\linkResolver.cpp, line 771]
Event: 6.912 Thread 0x00000253c8b9e870 Implicit null exception at 0x00000253affe76ec to 0x00000253affe7794
Event: 7.234 Thread 0x00000253c8b9e870 Exception <a 'java/lang/NoSuchMethodError'{0x0000000703680a80}: 'long java.lang.invoke.DirectMethodHandle$Holder.invokeStatic(java.lang.Object, long)'> (0x0000000703680a80) 
thrown [s\src\hotspot\share\interpreter\linkResolver.cpp, line 771]
Event: 7.479 Thread 0x00000253c8b9e870 Exception <a 'java/lang/NoSuchMethodError'{0x000000070535f3b0}: 'java.lang.Object java.lang.invoke.DelegatingMethodHandle$Holder.reinvoke_L(java.lang.Object, java.lang.Object, java.lang.Object, java.lang.Object, java.lang.Object, java.lang.Object, java.lang.Object, java.lang.Object, java.lang.Object, java.lang.Object, java.lang.Object, java.lang.Object, java.lang.Object, java.lang.Object, java.lang.Object, java.lang.Object, java.lang.Object, java.lang.Object, java.lang.Object, java.lang.Object, java.lang.O
Event: 7.480 Thread 0x00000253c8b9e870 Exception <a 'java/lang/NoSuchMethodError'{0x000000070536b0d8}: 'java.lang.Object java.lang.invoke.DirectMethodHandle$Holder.invokeSpecial(java.lang.Object, java.lang.Object, java.lang.Object, java.lang.Object, java.lang.Object, java.lang.Object, java.lang.Object, java.lang.Object, java.lang.Object, java.lang.Object, java.lang.Object, java.lang.Object, java.lang.Object, java.lang.Object, java.lang.Object, java.lang.Object, java.lang.Object, java.lang.Object, java.lang.Object, java.lang.Object, java.lang.Ob
Event: 7.481 Thread 0x00000253c8b9e870 Exception <a 'java/lang/NoSuchMethodError'{0x0000000705371270}: 'java.lang.Object java.lang.invoke.Invokers$Holder.invoker(java.lang.Object, java.lang.Object, java.lang.Object, java.lang.Object, java.lang.Object, java.lang.Object, java.lang.Object, java.lang.Object, java.lang.Object, java.lang.Object, java.lang.Object, java.lang.Object, java.lang.Object, java.lang.Object, java.lang.Object, java.lang.Object, java.lang.Object, java.lang.Object, java.lang.Object, java.lang.Object, java.lang.Object)'> (0x00000
Event: 7.481 Thread 0x00000253c8b9e870 Exception <a 'java/lang/NoSuchMethodError'{0x0000000705390600}: 'java.lang.Object java.lang.invoke.DelegatingMethodHandle$Holder.delegate(java.lang.Object, java.lang.Object, java.lang.Object, java.lang.Object, java.lang.Object, java.lang.Object, java.lang.Object, java.lang.Object, java.lang.Object, java.lang.Object, java.lang.Object, java.lang.Object, java.lang.Object, java.lang.Object, java.lang.Object, java.lang.Object, java.lang.Object, java.lang.Object, java.lang.Object, java.lang.Object, java.lang.Obj
Event: 7.682 Thread 0x00000253c8b9e870 Exception <a 'java/lang/NoSuchMethodError'{0x00000007046400c0}: 'java.lang.Object java.lang.invoke.DirectMethodHandle$Holder.newInvokeSpecial(java.lang.Object, int, java.lang.Object)'> (0x00000007046400c0) 
thrown [s\src\hotspot\share\interpreter\linkResolver.cpp, line 771]
Event: 7.877 Thread 0x00000253c8b9e870 Exception <a 'java/lang/NoSuchMethodError'{0x0000000703ca0830}: 'java.lang.Object java.lang.invoke.DirectMethodHandle$Holder.newInvokeSpecial(java.lang.Object, java.lang.Object, java.lang.Object, java.lang.Object, int)'> (0x0000000703ca0830) 
thrown [s\src\hotspot\share\interpreter\linkResolver.cpp, line 771]
Event: 7.877 Thread 0x00000253c8b9e870 Exception <a 'java/lang/NoSuchMethodError'{0x0000000703ca6b48}: 'java.lang.Object java.lang.invoke.DirectMethodHandle$Holder.invokeSpecial(java.lang.Object, java.lang.Object, java.lang.Object, java.lang.Object, java.lang.Object, int)'> (0x0000000703ca6b48) 
thrown [s\src\hotspot\share\interpreter\linkResolver.cpp, line 771]
Event: 7.878 Thread 0x00000253c8b9e870 Exception <a 'java/lang/NoSuchMethodError'{0x0000000703cac810}: 'java.lang.Object java.lang.invoke.Invokers$Holder.linkToTargetMethod(java.lang.Object, java.lang.Object, java.lang.Object, int, java.lang.Object)'> (0x0000000703cac810) 
thrown [s\src\hotspot\share\interpreter\linkResolver.cpp, line 771]
Event: 8.021 Thread 0x00000253c8b9e870 Exception <a 'java/lang/IncompatibleClassChangeError'{0x00000007037231f0}: Found class java.lang.Object, but interface was expected> (0x00000007037231f0) 
thrown [s\src\hotspot\share\interpreter\linkResolver.cpp, line 838]

VM Operations (20 events):
Event: 6.144 Executing VM operation: HandshakeAllThreads
Event: 6.144 Executing VM operation: HandshakeAllThreads done
Event: 6.145 Executing VM operation: HandshakeAllThreads
Event: 6.145 Executing VM operation: HandshakeAllThreads done
Event: 6.155 Executing VM operation: G1CollectForAllocation
Event: 6.168 Executing VM operation: G1CollectForAllocation done
Event: 6.624 Executing VM operation: G1CollectForAllocation
Event: 6.629 Executing VM operation: G1CollectForAllocation done
Event: 6.703 Executing VM operation: HandshakeAllThreads
Event: 6.703 Executing VM operation: HandshakeAllThreads done
Event: 6.997 Executing VM operation: HandshakeAllThreads
Event: 6.997 Executing VM operation: HandshakeAllThreads done
Event: 7.245 Executing VM operation: HandshakeAllThreads
Event: 7.245 Executing VM operation: HandshakeAllThreads done
Event: 7.353 Executing VM operation: G1CollectForAllocation
Event: 7.362 Executing VM operation: G1CollectForAllocation done
Event: 8.055 Executing VM operation: ICBufferFull
Event: 8.056 Executing VM operation: ICBufferFull done
Event: 8.159 Executing VM operation: G1CollectForAllocation
Event: 8.172 Executing VM operation: G1CollectForAllocation done

Events (20 events):
Event: 8.102 loading class jdk/jfr/Recording done
Event: 8.102 loading class jdk/jfr/FlightRecorder
Event: 8.103 loading class jdk/jfr/FlightRecorder done
Event: 8.103 loading class javax/management/NotificationListener
Event: 8.103 loading class javax/management/NotificationListener done
Event: 8.103 loading class javax/management/NotificationFilter
Event: 8.103 loading class javax/management/NotificationFilter done
Event: 8.103 loading class jdk/management/jfr/FlightRecorderMXBeanImpl$MXBeanListener
Event: 8.103 loading class jdk/jfr/FlightRecorderListener
Event: 8.103 loading class jdk/jfr/FlightRecorderListener done
Event: 8.103 loading class jdk/management/jfr/FlightRecorderMXBeanImpl$MXBeanListener done
Event: 8.103 loading class javax/management/ListenerNotFoundException
Event: 8.103 loading class javax/management/ListenerNotFoundException done
Event: 8.104 loading class sun/reflect/misc/MethodUtil
Event: 8.105 loading class sun/reflect/misc/MethodUtil done
Event: 8.105 loading class sun/reflect/misc/MethodUtil$1
Event: 8.105 loading class sun/reflect/misc/MethodUtil$1 done
Event: 8.109 Thread 0x00000253c8e17c60 Thread added: 0x00000253c8e17c60
Event: 8.114 loading class java/lang/Byte$ByteCache
Event: 8.114 loading class java/lang/Byte$ByteCache done


Dynamic libraries:
0x00007ff7da490000 - 0x00007ff7da49a000 	C:\Program Files\Android\Android Studio\jbr\bin\java.exe
0x00007ffc6ccf0000 - 0x00007ffc6cee8000 	C:\WINDOWS\SYSTEM32\ntdll.dll
0x00007ffc6c0b0000 - 0x00007ffc6c172000 	C:\WINDOWS\System32\KERNEL32.DLL
0x00007ffc6a390000 - 0x00007ffc6a68f000 	C:\WINDOWS\System32\KERNELBASE.dll
0x00007ffc6aaf0000 - 0x00007ffc6abf0000 	C:\WINDOWS\System32\ucrtbase.dll
0x00007ffc3d2f0000 - 0x00007ffc3d307000 	C:\Program Files\Android\Android Studio\jbr\bin\jli.dll
0x00007ffc64090000 - 0x00007ffc640ab000 	C:\Program Files\Android\Android Studio\jbr\bin\VCRUNTIME140.dll
0x00007ffc6cb10000 - 0x00007ffc6ccad000 	C:\WINDOWS\System32\USER32.dll
0x00007ffc6aa10000 - 0x00007ffc6aa32000 	C:\WINDOWS\System32\win32u.dll
0x00007ffc6b720000 - 0x00007ffc6b74b000 	C:\WINDOWS\System32\GDI32.dll
0x00007ffc5c3a0000 - 0x00007ffc5c63a000 	C:\WINDOWS\WinSxS\amd64_microsoft.windows.common-controls_6595b64144ccf1df_6.0.19041.4355_none_60b8b9eb71f62e16\COMCTL32.dll
0x00007ffc6a880000 - 0x00007ffc6a99a000 	C:\WINDOWS\System32\gdi32full.dll
0x00007ffc6abf0000 - 0x00007ffc6ac8d000 	C:\WINDOWS\System32\msvcp_win.dll
0x00007ffc6b680000 - 0x00007ffc6b71e000 	C:\WINDOWS\System32\msvcrt.dll
0x00007ffc6b750000 - 0x00007ffc6b77f000 	C:\WINDOWS\System32\IMM32.DLL
0x00007ffc64df0000 - 0x00007ffc64dfc000 	C:\Program Files\Android\Android Studio\jbr\bin\vcruntime140_1.dll
0x00007ffc50250000 - 0x00007ffc502dd000 	C:\Program Files\Android\Android Studio\jbr\bin\msvcp140.dll
0x00007ffc1abe0000 - 0x00007ffc1b860000 	C:\Program Files\Android\Android Studio\jbr\bin\server\jvm.dll
0x00007ffc6b5d0000 - 0x00007ffc6b67f000 	C:\WINDOWS\System32\ADVAPI32.dll
0x00007ffc6b890000 - 0x00007ffc6b92f000 	C:\WINDOWS\System32\sechost.dll
0x00007ffc6c970000 - 0x00007ffc6ca93000 	C:\WINDOWS\System32\RPCRT4.dll
0x00007ffc6ace0000 - 0x00007ffc6ad07000 	C:\WINDOWS\System32\bcrypt.dll
0x00007ffc63c60000 - 0x00007ffc63c6a000 	C:\WINDOWS\SYSTEM32\VERSION.dll
0x00007ffc5c7f0000 - 0x00007ffc5c817000 	C:\WINDOWS\SYSTEM32\WINMM.dll
0x00007ffc3cf60000 - 0x00007ffc3cf69000 	C:\WINDOWS\SYSTEM32\WSOCK32.dll
0x00007ffc6caa0000 - 0x00007ffc6cb0b000 	C:\WINDOWS\System32\WS2_32.dll
0x00007ffc68210000 - 0x00007ffc68222000 	C:\WINDOWS\SYSTEM32\kernel.appcore.dll
0x00007ffc634b0000 - 0x00007ffc634ba000 	C:\Program Files\Android\Android Studio\jbr\bin\jimage.dll
0x00007ffc58ca0000 - 0x00007ffc58e84000 	C:\WINDOWS\SYSTEM32\DBGHELP.DLL
0x00007ffc58130000 - 0x00007ffc58164000 	C:\WINDOWS\SYSTEM32\dbgcore.DLL
0x00007ffc6a690000 - 0x00007ffc6a712000 	C:\WINDOWS\System32\bcryptPrimitives.dll
0x00007ffc66e60000 - 0x00007ffc66e6e000 	C:\Program Files\Android\Android Studio\jbr\bin\instrument.dll
0x00007ffc5d650000 - 0x00007ffc5d675000 	C:\Program Files\Android\Android Studio\jbr\bin\java.dll
0x00007ffc63490000 - 0x00007ffc634a8000 	C:\Program Files\Android\Android Studio\jbr\bin\zip.dll
0x00007ffc6b940000 - 0x00007ffc6c0ad000 	C:\WINDOWS\System32\SHELL32.dll
0x00007ffc68410000 - 0x00007ffc68bb4000 	C:\WINDOWS\SYSTEM32\windows.storage.dll
0x00007ffc6c330000 - 0x00007ffc6c685000 	C:\WINDOWS\System32\combase.dll
0x00007ffc69dc0000 - 0x00007ffc69deb000 	C:\WINDOWS\SYSTEM32\Wldp.dll
0x00007ffc6afb0000 - 0x00007ffc6b07d000 	C:\WINDOWS\System32\OLEAUT32.dll
0x00007ffc6b080000 - 0x00007ffc6b12d000 	C:\WINDOWS\System32\SHCORE.dll
0x00007ffc6ae20000 - 0x00007ffc6ae75000 	C:\WINDOWS\System32\shlwapi.dll
0x00007ffc6a2c0000 - 0x00007ffc6a2e5000 	C:\WINDOWS\SYSTEM32\profapi.dll
0x00007ffc46720000 - 0x00007ffc46739000 	C:\Program Files\Android\Android Studio\jbr\bin\net.dll
0x00007ffc60a20000 - 0x00007ffc60b2a000 	C:\WINDOWS\SYSTEM32\WINHTTP.dll
0x00007ffc69b20000 - 0x00007ffc69b8c000 	C:\WINDOWS\system32\mswsock.dll
0x00007ffc46700000 - 0x00007ffc46716000 	C:\Program Files\Android\Android Studio\jbr\bin\nio.dll
0x00007ffc53090000 - 0x00007ffc530a0000 	C:\Program Files\Android\Android Studio\jbr\bin\verify.dll
0x00007ffc51df0000 - 0x00007ffc51e17000 	C:\Users\PUBG STORE\.gradle\native\68d5fa5c4cc2d200863cafc0d521ce42e7d3e7ee720ec0a83991735586a16f82\windows-amd64\native-platform.dll
0x00007ffc51b50000 - 0x00007ffc51c94000 	C:\Users\PUBG STORE\.gradle\native\e376f236ea51e6404a007f0833ffe2c6e607c4080706a723a18a27aeea778392\windows-amd64\native-platform-file-events.dll
0x00007ffc40720000 - 0x00007ffc40729000 	C:\Program Files\Android\Android Studio\jbr\bin\management.dll
0x00007ffc3d720000 - 0x00007ffc3d72b000 	C:\Program Files\Android\Android Studio\jbr\bin\management_ext.dll
0x00007ffc6b930000 - 0x00007ffc6b938000 	C:\WINDOWS\System32\PSAPI.DLL
0x00007ffc69d20000 - 0x00007ffc69d38000 	C:\WINDOWS\SYSTEM32\CRYPTSP.dll
0x00007ffc693d0000 - 0x00007ffc69408000 	C:\WINDOWS\system32\rsaenh.dll
0x00007ffc6a280000 - 0x00007ffc6a2ae000 	C:\WINDOWS\SYSTEM32\USERENV.dll
0x00007ffc69d10000 - 0x00007ffc69d1c000 	C:\WINDOWS\SYSTEM32\CRYPTBASE.dll
0x00007ffc697b0000 - 0x00007ffc697eb000 	C:\WINDOWS\SYSTEM32\IPHLPAPI.DLL
0x00007ffc6b880000 - 0x00007ffc6b888000 	C:\WINDOWS\System32\NSI.dll
0x00007ffc62300000 - 0x00007ffc62317000 	C:\WINDOWS\SYSTEM32\dhcpcsvc6.DLL
0x00007ffc622e0000 - 0x00007ffc622fd000 	C:\WINDOWS\SYSTEM32\dhcpcsvc.DLL
0x00007ffc69800000 - 0x00007ffc698ca000 	C:\WINDOWS\SYSTEM32\DNSAPI.dll
0x00007ffc46660000 - 0x00007ffc46667000 	C:\WINDOWS\system32\wshunix.dll

dbghelp: loaded successfully - version: 4.0.5 - missing functions: none
symbol engine: initialized successfully - sym options: 0x614 - pdb path: .;C:\Program Files\Android\Android Studio\jbr\bin;C:\WINDOWS\SYSTEM32;C:\WINDOWS\WinSxS\amd64_microsoft.windows.common-controls_6595b64144ccf1df_6.0.19041.4355_none_60b8b9eb71f62e16;C:\Program Files\Android\Android Studio\jbr\bin\server;C:\Users\PUBG STORE\.gradle\native\68d5fa5c4cc2d200863cafc0d521ce42e7d3e7ee720ec0a83991735586a16f82\windows-amd64;C:\Users\PUBG STORE\.gradle\native\e376f236ea51e6404a007f0833ffe2c6e607c4080706a723a18a27aeea778392\windows-amd64

VM Arguments:
jvm_args: --add-opens=java.base/java.util=ALL-UNNAMED --add-opens=java.base/java.lang=ALL-UNNAMED --add-opens=java.base/java.lang.invoke=ALL-UNNAMED --add-opens=java.prefs/java.util.prefs=ALL-UNNAMED --add-opens=java.base/java.nio.charset=ALL-UNNAMED --add-opens=java.base/java.net=ALL-UNNAMED --add-opens=java.base/java.util.concurrent.atomic=ALL-UNNAMED -Xmx4G -Dfile.encoding=windows-1252 -Duser.country=US -Duser.language=en -Duser.variant -javaagent:C:\Users\PUBG STORE\.gradle\wrapper\dists\gradle-8.2-all\6mxqtxovn2faat1idb7p6lxsa\gradle-8.2\lib\agents\gradle-instrumentation-agent-8.2.jar 
java_command: org.gradle.launcher.daemon.bootstrap.GradleDaemon 8.2
java_class_path (initial): C:\Users\PUBG STORE\.gradle\wrapper\dists\gradle-8.2-all\6mxqtxovn2faat1idb7p6lxsa\gradle-8.2\lib\gradle-launcher-8.2.jar
Launcher Type: SUN_STANDARD

[Global flags]
     intx CICompilerCount                          = 3                                         {product} {ergonomic}
     uint ConcGCThreads                            = 1                                         {product} {ergonomic}
     uint G1ConcRefinementThreads                  = 4                                         {product} {ergonomic}
   size_t G1HeapRegionSize                         = 2097152                                   {product} {ergonomic}
    uintx GCDrainStackTargetSize                   = 64                                        {product} {ergonomic}
   size_t InitialHeapSize                          = 134217728                                 {product} {ergonomic}
   size_t MarkStackSize                            = 4194304                                   {product} {ergonomic}
   size_t MaxHeapSize                              = 4294967296                                {product} {command line}
   size_t MaxNewSize                               = 2575302656                                {product} {ergonomic}
   size_t MinHeapDeltaBytes                        = 2097152                                   {product} {ergonomic}
   size_t MinHeapSize                              = 8388608                                   {product} {ergonomic}
    uintx NonNMethodCodeHeapSize                   = 5832780                                {pd product} {ergonomic}
    uintx NonProfiledCodeHeapSize                  = 122912730                              {pd product} {ergonomic}
    uintx ProfiledCodeHeapSize                     = 122912730                              {pd product} {ergonomic}
    uintx ReservedCodeCacheSize                    = 251658240                              {pd product} {ergonomic}
     bool SegmentedCodeCache                       = true                                      {product} {ergonomic}
   size_t SoftMaxHeapSize                          = 4294967296                             {manageable} {ergonomic}
     bool UseCompressedClassPointers               = true                           {product lp64_product} {ergonomic}
     bool UseCompressedOops                        = true                           {product lp64_product} {ergonomic}
     bool UseG1GC                                  = true                                      {product} {ergonomic}
     bool UseLargePagesIndividualAllocation        = false                                  {pd product} {ergonomic}

Logging:
Log output configuration:
 #0: stdout all=warning uptime,level,tags
 #1: stderr all=off uptime,level,tags

Environment Variables:
JAVA_HOME=C:\Program Files\Android\Android Studio\jbr
CLASSPATH=C:\Users\PUBG STORE\AndroidStudioProjects\iqra\android\\gradle\wrapper\gradle-wrapper.jar
PATH=C:\Program Files\Android\Android Studio\jbr\bin;C:\Program Files\Common Files\Oracle\Java\javapath;C:\ProgramData\Oracle\Java\javapath;C:\Windows\system32;C:\Windows;C:\Windows\System32\Wbem;C:\Windows\System32\WindowsPowerShell\v1.0\;C:\Windows\System32\OpenSSH\;C:\Program Files (x86)\NVIDIA Corporation\PhysX\Common;C:\Program Files\NVIDIA Corporation\NVIDIA NvDLISR;C:\WINDOWS\system32;C:\WINDOWS;C:\WINDOWS\System32\Wbem;C:\WINDOWS\System32\WindowsPowerShell\v1.0\;C:\WINDOWS\System32\OpenSSH\;C:\Program Files\nodejs\;C:\Program Files\Git\cmd;C:\Users\PUBG STORE\AppData\Local\Programs\Python\Python311\Scripts\;C:\Users\PUBG STORE\AppData\Local\Programs\Python\Python311\;C:\Users\PUBG STORE\AppData\Local\Microsoft\WindowsApps;C:\Users\PUBG STORE\AppData\Local\Programs\Microsoft VS Code\bin;C:\Users\PUBG STORE\AppData\Roaming\npm;C:\Users\PUBG STORE\AppData\Local\Pub\Cache\bin;E:\Tools\Android;C:\Users\PUBG STORE\AppData\Local\GitHubDesktop\bin;E:\Tools\Flutter\flutter\bin;;E:\Tools\Flutter\flutter\bin\mingit\cmd
USERNAME=PUBG STORE
OS=Windows_NT
PROCESSOR_IDENTIFIER=Intel64 Family 6 Model 69 Stepping 1, GenuineIntel
TMP=C:\Users\PUBGST~1\AppData\Local\Temp
TEMP=C:\Users\PUBGST~1\AppData\Local\Temp


JNI global refs:
JNI global refs: 25, weak refs: 2

JNI global refs memory usage: 843, weak refs: 841

OOME stack traces (most recent first):
Classloader memory used:
Loader org.gradle.internal.classloader.VisitableURLClassLoader                         : 3715K
Loader bootstrap                                                                       : 2549K
Loader org.gradle.initialization.MixInLegacyTypesClassLoader                           : 900K
Loader jdk.internal.loader.ClassLoaders$PlatformClassLoader                            : 65566B
Loader jdk.internal.loader.ClassLoaders$AppClassLoader                                 : 28457B
Loader jdk.internal.reflect.DelegatingClassLoader                                      : 8304B
Loader org.gradle.groovy.scripts.internal.DefaultScriptCompilationHandler$ScriptClassLoader: 5051B
Loader org.gradle.internal.classloader.VisitableURLClassLoader$InstrumentingVisitableURLClassLoader: 2486B
Loader org.codehaus.groovy.runtime.callsite.CallSiteClassLoader                        : 1879B
Loader sun.reflect.misc.MethodUtil                                                     : 373B

Classes loaded by more than one classloader:
Class org.gradle.internal.installation.GradleInstallation                             : loaded 2 times (x 73B)
Class org.gradle.internal.classpath.ClassPath                                         : loaded 2 times (x 68B)
Class org.gradle.api.internal.classpath.DefaultModuleRegistry                         : loaded 2 times (x 84B)
Class org.gradle.api.Action                                                           : loaded 2 times (x 68B)
Class org.gradle.api.internal.DefaultClassPathProvider                                : loaded 2 times (x 74B)
Class org.gradle.internal.installation.GradleInstallation$1                           : loaded 2 times (x 73B)
Class org.gradle.internal.classloader.FilteringClassLoader                            : loaded 2 times (x 102B)
Class org.gradle.internal.classpath.DefaultClassPath$ImmutableUniqueList$Builder      : loaded 2 times (x 73B)
Class org.gradle.internal.classloader.ClassLoaderVisitor                              : loaded 2 times (x 74B)
Class org.gradle.internal.service.DefaultServiceLocator                               : loaded 2 times (x 81B)
Class org.gradle.internal.service.UnknownServiceException                             : loaded 2 times (x 81B)
Class org.gradle.internal.classloader.DefaultClassLoaderFactory                       : loaded 2 times (x 80B)
Class org.gradle.internal.classloader.VisitableURLClassLoader$Spec                    : loaded 2 times (x 72B)
Class org.gradle.api.GradleException                                                  : loaded 2 times (x 80B)
Class org.gradle.api.internal.classpath.ModuleRegistry                                : loaded 2 times (x 68B)
Class org.gradle.api.internal.ClassPathProvider                                       : loaded 2 times (x 68B)
Class org.gradle.internal.classloader.ClasspathUtil$1                                 : loaded 2 times (x 74B)
Class org.gradle.internal.classloader.ClassLoaderFactory                              : loaded 2 times (x 68B)
Class org.gradle.api.internal.classpath.ManifestUtil                                  : loaded 2 times (x 69B)
Class org.gradle.api.specs.Spec                                                       : loaded 2 times (x 68B)
Class org.gradle.internal.IoActions                                                   : loaded 2 times (x 69B)
Class org.gradle.api.internal.classpath.EffectiveClassPath                            : loaded 2 times (x 88B)
Class org.gradle.internal.installation.CurrentGradleInstallation                      : loaded 2 times (x 71B)
Class org.gradle.internal.agents.InstrumentingClassLoader                             : loaded 2 times (x 68B)
Class org.gradle.internal.installation.CurrentGradleInstallationLocator               : loaded 2 times (x 69B)
Class org.gradle.api.internal.classpath.Module                                        : loaded 2 times (x 68B)
Class org.gradle.internal.service.CachingServiceLocator                               : loaded 2 times (x 80B)
Class org.gradle.internal.classpath.DefaultClassPath                                  : loaded 2 times (x 88B)
Class org.gradle.internal.classloader.SystemClassLoaderSpec                           : loaded 2 times (x 69B)
Class org.gradle.api.UncheckedIOException                                             : loaded 2 times (x 80B)
Class Program                                                                         : loaded 2 times (x 72B)
Class org.gradle.internal.classloader.ClasspathUtil                                   : loaded 2 times (x 69B)
Class org.gradle.api.internal.DefaultClassPathRegistry                                : loaded 2 times (x 74B)
Class org.gradle.api.internal.classpath.DefaultModuleRegistry$DefaultModule           : loaded 2 times (x 84B)
Class org.gradle.api.internal.classpath.UnknownModuleException                        : loaded 2 times (x 80B)
Class org.gradle.internal.service.ServiceLookupException                              : loaded 2 times (x 80B)
Class org.gradle.cache.GlobalCache                                                    : loaded 2 times (x 68B)
Class [Lorg.gradle.api.internal.ClassPathProvider;                                    : loaded 2 times (x 67B)
Class org.gradle.util.internal.GUtil                                                  : loaded 2 times (x 69B)
Class org.gradle.internal.classloader.ClassLoaderSpec                                 : loaded 2 times (x 69B)
Class org.gradle.internal.classloader.VisitableURLClassLoader                         : loaded 2 times (x 114B)
Class org.gradle.internal.Cast                                                        : loaded 2 times (x 69B)
Class org.gradle.api.internal.ClassPathRegistry                                       : loaded 2 times (x 68B)
Class org.gradle.internal.classloader.VisitableURLClassLoader$InstrumentingVisitableURLClassLoader: loaded 2 times (x 120B)
Class org.gradle.internal.classloader.ClassLoaderHierarchy                            : loaded 2 times (x 68B)
Class org.gradle.internal.InternalTransformer                                         : loaded 2 times (x 68B)
Class org.gradle.internal.service.ServiceLocator                                      : loaded 2 times (x 68B)
Class org.gradle.internal.classpath.DefaultClassPath$ImmutableUniqueList              : loaded 2 times (x 159B)
Class org.gradle.internal.classpath.TransformedClassPath                              : loaded 2 times (x 94B)


---------------  S Y S T E M  ---------------

OS:
 Windows 10 , 64 bit Build 19041 (10.0.19041.5438)
OS uptime: 0 days 1:19 hours

CPU: total 4 (initial active 4) (2 cores per cpu, 2 threads per core) family 6 model 69 stepping 1 microcode 0x25, cx8, cmov, fxsr, ht, mmx, sse, sse2, sse3, ssse3, sse4.1, sse4.2, popcnt, lzcnt, tsc, tscinvbit, avx, avx2, aes, erms, clmul, bmi1, bmi2, fma, vzeroupper, clflush

Memory: 4k page, system-wide physical 8095M (929M free)
TotalPageFile size 10143M (AvailPageFile size 4M)
current process WorkingSet (physical memory assigned to process): 306M, peak: 306M
current process commit charge ("private bytes"): 377M, peak: 380M

vm_info: OpenJDK 64-Bit Server VM (17.0.7+0-b2043.56-10550314) for windows-amd64 JRE (17.0.7+0-b2043.56-10550314), built on Jul 24 2023 18:27:45 by "androidbuild" with MS VC++ 16.10 / 16.11 (VS2019)

END.
