#
# There is insufficient memory for the Java Runtime Environment to continue.
# Native memory allocation (mmap) failed to map 134217728 bytes for G1 virtual space
# Possible reasons:
#   The system is out of physical RAM or swap space
#   The process is running with CompressedOops enabled, and the Java Heap may be blocking the growth of the native heap
# Possible solutions:
#   Reduce memory load on the system
#   Increase physical memory or swap space
#   Check if swap backing store is full
#   Decrease Java heap size (-Xmx/-Xms)
#   Decrease number of Java threads
#   Decrease Java thread stack sizes (-Xss)
#   Set larger code cache with -XX:ReservedCodeCacheSize=
#   JVM is running with Unscaled Compressed Oops mode in which the Java heap is
#     placed in the first 4GB address space. The Java Heap base address is the
#     maximum limit for the native heap growth. Please use -XX:HeapBaseMinAddress
#     to set the Java Heap base and to place the Java Heap above 4GB virtual address.
# This output file may be truncated or incomplete.
#
#  Out of Memory Error (os_windows.cpp:3771), pid=8816, tid=11616
#
# JRE version:  (17.0.7) (build )
# Java VM: OpenJDK 64-Bit Server VM (17.0.7+0-b2043.56-10550314, mixed mode, sharing, tiered, compressed oops, compressed class ptrs, g1 gc, windows-amd64)
# No core dump will be written. Minidumps are not enabled by default on client versions of Windows
#

---------------  S U M M A R Y ------------

Command Line: org.jetbrains.kotlin.cli.jvm.K2JVMCompiler @C:\Users\PUBG STORE\AndroidStudioProjects\iqra\build\app\20250330_7592700329346938770.compiler.options

Host: Intel(R) Core(TM) i7-4510U CPU @ 2.00GHz, 4 cores, 7G,  Windows 10 , 64 bit Build 19041 (10.0.19041.5438)
Time: Sun Mar 30 23:21:34 2025 Egypt Standard Time elapsed time: 0.014865 seconds (0d 0h 0m 0s)

---------------  T H R E A D  ---------------

Current thread (0x000001a685513c30):  JavaThread "Unknown thread" [_thread_in_vm, id=11616, stack(0x000000a3d4e00000,0x000000a3d4f00000)]

Stack: [0x000000a3d4e00000,0x000000a3d4f00000]
Native frames: (J=compiled Java code, j=interpreted, Vv=VM code, C=native code)
V  [jvm.dll+0x683bfa]
V  [jvm.dll+0x8430a4]
V  [jvm.dll+0x8449be]
V  [jvm.dll+0x845023]
V  [jvm.dll+0x24ad2f]
V  [jvm.dll+0x680ac9]
V  [jvm.dll+0x67519a]
V  [jvm.dll+0x30b3cb]
V  [jvm.dll+0x312876]
V  [jvm.dll+0x36221e]
V  [jvm.dll+0x36244f]
V  [jvm.dll+0x2e14a8]
V  [jvm.dll+0x2e2414]
V  [jvm.dll+0x814391]
V  [jvm.dll+0x36ffe1]
V  [jvm.dll+0x7f396c]
V  [jvm.dll+0x3f305f]
V  [jvm.dll+0x3f4b91]
C  [jli.dll+0x528f]
C  [ucrtbase.dll+0x21bb2]
C  [KERNEL32.DLL+0x17374]
C  [ntdll.dll+0x4cc91]


---------------  P R O C E S S  ---------------

Threads class SMR info:
_java_thread_list=0x00007fff11afd098, length=0, elements={
}

Java Threads: ( => current thread )

Other Threads:
  0x000001a68556f620 GCTaskThread "GC Thread#0" [stack: 0x000000a3d4f00000,0x000000a3d5000000] [id=924]
  0x000001a685580260 ConcurrentGCThread "G1 Main Marker" [stack: 0x000000a3d5000000,0x000000a3d5100000] [id=1280]
  0x000001a685581410 ConcurrentGCThread "G1 Conc#0" [stack: 0x000000a3d5100000,0x000000a3d5200000] [id=6304]

[error occurred during error reporting (printing all threads), id 0xc0000005, EXCEPTION_ACCESS_VIOLATION (0xc0000005) at pc=0x00007fff112b2087]

VM state: not at safepoint (not fully initialized)

VM Mutex/Monitor currently owned by a thread:  ([mutex/lock_event])
[0x000001a68550f660] Heap_lock - owner thread: 0x000001a685513c30

Heap address: 0x0000000081800000, size: 2024 MB, Compressed Oops mode: 32-bit

CDS archive(s) mapped at: [0x0000000000000000-0x0000000000000000-0x0000000000000000), size 0, SharedBaseAddress: 0x0000000800000000, ArchiveRelocationMode: 0.
Narrow klass base: 0x0000000000000000, Narrow klass shift: 0, Narrow klass range: 0x0

GC Precious Log:
<Empty>

Heap:
 garbage-first heap   total 0K, used 0K [0x0000000081800000, 0x0000000100000000)
  region size 1024K, 0 young (0K), 0 survivors (0K)
 Metaspace       used 0K, committed 0K, reserved 0K
  class space    used 0K, committed 0K, reserved 0K

Heap Regions: E=young(eden), S=young(survivor), O=old, HS=humongous(starts), HC=humongous(continues), CS=collection set, F=free, OA=open archive, CA=closed archive, TAMS=top-at-mark-start (previous, next)

Card table byte_map: [0x000001a697df0000,0x000001a6981f0000] _byte_map_base: 0x000001a6979e4000

Marking Bits (Prev, Next): (CMBitMap*) 0x000001a68556fc30, (CMBitMap*) 0x000001a68556fc70
 Prev Bits: [0x000001a6985f0000, 0x000001a69a590000)
 Next Bits: [0x000001a69a590000, 0x000001a69c530000)

GC Heap History (0 events):
No events

Dll operation events (1 events):
Event: 0.007 Loaded shared library C:\Program Files\Android\Android Studio\jbr\bin\java.dll

Deoptimization events (0 events):
No events

Classes unloaded (0 events):
No events

Classes redefined (0 events):
No events

Internal exceptions (0 events):
No events

VM Operations (0 events):
No events

Events (0 events):
No events


Dynamic libraries:
0x00007ff65b280000 - 0x00007ff65b28a000 	C:\Program Files\Android\Android Studio\jbr\bin\java.exe
0x00007fff74e30000 - 0x00007fff75028000 	C:\WINDOWS\SYSTEM32\ntdll.dll
0x00007fff732a0000 - 0x00007fff73362000 	C:\WINDOWS\System32\KERNEL32.DLL
0x00007fff728d0000 - 0x00007fff72bcf000 	C:\WINDOWS\System32\KERNELBASE.dll
0x00007fff725f0000 - 0x00007fff726f0000 	C:\WINDOWS\System32\ucrtbase.dll
0x00007fff6b8c0000 - 0x00007fff6b8db000 	C:\Program Files\Android\Android Studio\jbr\bin\VCRUNTIME140.dll
0x00007fff4ce60000 - 0x00007fff4ce77000 	C:\Program Files\Android\Android Studio\jbr\bin\jli.dll
0x00007fff73c20000 - 0x00007fff73dbd000 	C:\WINDOWS\System32\USER32.dll
0x00007fff728a0000 - 0x00007fff728c2000 	C:\WINDOWS\System32\win32u.dll
0x00007fff64480000 - 0x00007fff6471a000 	C:\WINDOWS\WinSxS\amd64_microsoft.windows.common-controls_6595b64144ccf1df_6.0.19041.4355_none_60b8b9eb71f62e16\COMCTL32.dll
0x00007fff74010000 - 0x00007fff7403b000 	C:\WINDOWS\System32\GDI32.dll
0x00007fff726f0000 - 0x00007fff7280a000 	C:\WINDOWS\System32\gdi32full.dll
0x00007fff747b0000 - 0x00007fff7484e000 	C:\WINDOWS\System32\msvcrt.dll
0x00007fff72db0000 - 0x00007fff72e4d000 	C:\WINDOWS\System32\msvcp_win.dll
0x00007fff73bf0000 - 0x00007fff73c1f000 	C:\WINDOWS\System32\IMM32.DLL
0x00007fff6c360000 - 0x00007fff6c36c000 	C:\Program Files\Android\Android Studio\jbr\bin\vcruntime140_1.dll
0x00007fff6b830000 - 0x00007fff6b8bd000 	C:\Program Files\Android\Android Studio\jbr\bin\msvcp140.dll
0x00007fff10fc0000 - 0x00007fff11c40000 	C:\Program Files\Android\Android Studio\jbr\bin\server\jvm.dll
0x00007fff73dc0000 - 0x00007fff73e6f000 	C:\WINDOWS\System32\ADVAPI32.dll
0x00007fff72e50000 - 0x00007fff72eef000 	C:\WINDOWS\System32\sechost.dll
0x00007fff744d0000 - 0x00007fff745f3000 	C:\WINDOWS\System32\RPCRT4.dll
0x00007fff72d80000 - 0x00007fff72da7000 	C:\WINDOWS\System32\bcrypt.dll
0x00007fff4da40000 - 0x00007fff4da49000 	C:\WINDOWS\SYSTEM32\WSOCK32.dll
0x00007fff64150000 - 0x00007fff64177000 	C:\WINDOWS\SYSTEM32\WINMM.dll
0x00007fff73f10000 - 0x00007fff73f7b000 	C:\WINDOWS\System32\WS2_32.dll
0x00007fff6bb00000 - 0x00007fff6bb0a000 	C:\WINDOWS\SYSTEM32\VERSION.dll
0x00007fff70350000 - 0x00007fff70362000 	C:\WINDOWS\SYSTEM32\kernel.appcore.dll
0x00007fff6bf30000 - 0x00007fff6bf3a000 	C:\Program Files\Android\Android Studio\jbr\bin\jimage.dll
0x00007fff604b0000 - 0x00007fff60694000 	C:\WINDOWS\SYSTEM32\DBGHELP.DLL
0x00007fff5fc60000 - 0x00007fff5fc94000 	C:\WINDOWS\SYSTEM32\dbgcore.DLL
0x00007fff72810000 - 0x00007fff72892000 	C:\WINDOWS\System32\bcryptPrimitives.dll
0x00007fff6b970000 - 0x00007fff6b995000 	C:\Program Files\Android\Android Studio\jbr\bin\java.dll

dbghelp: loaded successfully - version: 4.0.5 - missing functions: none
symbol engine: initialized successfully - sym options: 0x614 - pdb path: .;C:\Program Files\Android\Android Studio\jbr\bin;C:\WINDOWS\SYSTEM32;C:\WINDOWS\WinSxS\amd64_microsoft.windows.common-controls_6595b64144ccf1df_6.0.19041.4355_none_60b8b9eb71f62e16;C:\Program Files\Android\Android Studio\jbr\bin\server

VM Arguments:
java_command: org.jetbrains.kotlin.cli.jvm.K2JVMCompiler @C:\Users\PUBG STORE\AndroidStudioProjects\iqra\build\app\20250330_7592700329346938770.compiler.options
java_class_path (initial): C:\Users\PUBG STORE\.gradle\caches\modules-2\files-2.1\org.jetbrains.kotlin\kotlin-compiler-embeddable\1.7.10\909803167c98606fcf22b4c848647c68e351d48d\kotlin-compiler-embeddable-1.7.10.jar;C:\Users\PUBG STORE\.gradle\caches\modules-2\files-2.1\org.jetbrains.kotlin\kotlin-reflect\1.7.10\165e600dfea6185cf5efa700756294cc4904dbeb\kotlin-reflect-1.7.10.jar;C:\Users\PUBG STORE\.gradle\caches\modules-2\files-2.1\org.jetbrains.kotlin\kotlin-stdlib\1.7.10\d2abf9e77736acc4450dc4a3f707fa2c10f5099d\kotlin-stdlib-1.7.10.jar;C:\Users\PUBG STORE\.gradle\caches\modules-2\files-2.1\org.jetbrains.kotlin\kotlin-script-runtime\1.7.10\c99c87a6988d8fd8d5142e9ed5c9f34a7cf561ee\kotlin-script-runtime-1.7.10.jar;C:\Users\PUBG STORE\.gradle\caches\modules-2\files-2.1\org.jetbrains.kotlin\kotlin-daemon-embeddable\1.7.10\3a9f7aef7080d3ae63126cbba4f827ed664f32fa\kotlin-daemon-embeddable-1.7.10.jar;C:\Users\PUBG STORE\.gradle\caches\modules-2\files-2.1\org.jetbrains.intellij.deps\trove4j\1.0.20200330\3afb14d5f9ceb459d724e907a21145e8ff394f02\trove4j-1.0.20200330.jar;C:\Users\PUBG STORE\.gradle\caches\modules-2\files-2.1\net.java.dev.jna\jna\5.6.0\330f2244e9030119ab3030fc3fededc86713d9cc\jna-5.6.0.jar;C:\Users\PUBG STORE\.gradle\caches\modules-2\files-2.1\org.jetbrains.kotlin\kotlin-stdlib-common\1.7.10\bac80c520d0a9e3f3673bc2658c6ed02ef45a76a\kotlin-stdlib-common-1.7.10.jar;C:\Users\PUBG STORE\.gradle\caches\modules-2\files-2.1\org.jetbrains\annotations\13.0\919f0dfe192fb4e063e7dacadee7f8bb9a2672a9\annotations-13.0.jar
Launcher Type: SUN_STANDARD

[Global flags]
     intx CICompilerCount                          = 3                                         {product} {ergonomic}
     uint ConcGCThreads                            = 1                                         {product} {ergonomic}
     uint G1ConcRefinementThreads                  = 4                                         {product} {ergonomic}
   size_t G1HeapRegionSize                         = 1048576                                   {product} {ergonomic}
    uintx GCDrainStackTargetSize                   = 64                                        {product} {ergonomic}
   size_t InitialHeapSize                          = 134217728                                 {product} {ergonomic}
   size_t MarkStackSize                            = 4194304                                   {product} {ergonomic}
   size_t MaxHeapSize                              = 2122317824                                {product} {ergonomic}
   size_t MinHeapDeltaBytes                        = 1048576                                   {product} {ergonomic}
   size_t MinHeapSize                              = 8388608                                   {product} {ergonomic}
    uintx NonNMethodCodeHeapSize                   = 5832780                                {pd product} {ergonomic}
    uintx NonProfiledCodeHeapSize                  = 122912730                              {pd product} {ergonomic}
    uintx ProfiledCodeHeapSize                     = 122912730                              {pd product} {ergonomic}
    uintx ReservedCodeCacheSize                    = 251658240                              {pd product} {ergonomic}
     bool SegmentedCodeCache                       = true                                      {product} {ergonomic}
   size_t SoftMaxHeapSize                          = 2122317824                             {manageable} {ergonomic}
     bool UseCompressedClassPointers               = true                           {product lp64_product} {ergonomic}
     bool UseCompressedOops                        = true                           {product lp64_product} {ergonomic}
     bool UseG1GC                                  = true                                      {product} {ergonomic}
     bool UseLargePagesIndividualAllocation        = false                                  {pd product} {ergonomic}

Logging:
Log output configuration:
 #0: stdout all=warning uptime,level,tags
 #1: stderr all=off uptime,level,tags

Environment Variables:
JAVA_HOME=C:\Program Files\Android\Android Studio\jbr
CLASSPATH=C:\Users\PUBG STORE\AndroidStudioProjects\iqra\android\\gradle\wrapper\gradle-wrapper.jar
PATH=C:\Program Files\Android\Android Studio\jbr\bin;C:\Program Files\Common Files\Oracle\Java\javapath;C:\ProgramData\Oracle\Java\javapath;C:\Windows\system32;C:\Windows;C:\Windows\System32\Wbem;C:\Windows\System32\WindowsPowerShell\v1.0\;C:\Windows\System32\OpenSSH\;C:\Program Files (x86)\NVIDIA Corporation\PhysX\Common;C:\Program Files\NVIDIA Corporation\NVIDIA NvDLISR;C:\WINDOWS\system32;C:\WINDOWS;C:\WINDOWS\System32\Wbem;C:\WINDOWS\System32\WindowsPowerShell\v1.0\;C:\WINDOWS\System32\OpenSSH\;C:\Program Files\nodejs\;C:\Program Files\Git\cmd;C:\Users\PUBG STORE\AppData\Local\Programs\Python\Python311\Scripts\;C:\Users\PUBG STORE\AppData\Local\Programs\Python\Python311\;C:\Users\PUBG STORE\AppData\Local\Microsoft\WindowsApps;C:\Users\PUBG STORE\AppData\Local\Programs\Microsoft VS Code\bin;C:\Users\PUBG STORE\AppData\Roaming\npm;C:\Users\PUBG STORE\AppData\Local\Pub\Cache\bin;E:\Tools\Android;C:\Users\PUBG STORE\AppData\Local\GitHubDesktop\bin;E:\Tools\Flutter\flutter\bin;;E:\Tools\Flutter\flutter\bin\mingit\cmd
USERNAME=PUBG STORE
OS=Windows_NT
PROCESSOR_IDENTIFIER=Intel64 Family 6 Model 69 Stepping 1, GenuineIntel
TMP=C:\Users\PUBGST~1\AppData\Local\Temp
TEMP=C:\Users\PUBGST~1\AppData\Local\Temp


JNI global refs:
JNI global refs: 0, weak refs: 0

JNI global refs memory usage: 0, weak refs: 0

OOME stack traces (most recent first):
Classloader memory used:


---------------  S Y S T E M  ---------------

OS:
 Windows 10 , 64 bit Build 19041 (10.0.19041.5438)
OS uptime: 0 days 5:45 hours

CPU: total 4 (initial active 4) (2 cores per cpu, 2 threads per core) family 6 model 69 stepping 1 microcode 0x25, cx8, cmov, fxsr, ht, mmx, sse, sse2, sse3, ssse3, sse4.1, sse4.2, popcnt, lzcnt, tsc, tscinvbit, avx, avx2, aes, erms, clmul, bmi1, bmi2, fma, vzeroupper, clflush

Memory: 4k page, system-wide physical 8095M (999M free)
TotalPageFile size 10143M (AvailPageFile size 83M)
current process WorkingSet (physical memory assigned to process): 10M, peak: 10M
current process commit charge ("private bytes"): 51M, peak: 179M

vm_info: OpenJDK 64-Bit Server VM (17.0.7+0-b2043.56-10550314) for windows-amd64 JRE (17.0.7+0-b2043.56-10550314), built on Jul 24 2023 18:27:45 by "androidbuild" with MS VC++ 16.10 / 16.11 (VS2019)

END.
